running develop
running egg_info
creating robotic_sol.egg-info
writing robotic_sol.egg-info/PKG-INFO
writing dependency_links to robotic_sol.egg-info/dependency_links.txt
writing entry points to robotic_sol.egg-info/entry_points.txt
writing requirements to robotic_sol.egg-info/requires.txt
writing top-level names to robotic_sol.egg-info/top_level.txt
writing manifest file 'robotic_sol.egg-info/SOURCES.txt'
reading manifest file 'robotic_sol.egg-info/SOURCES.txt'
writing manifest file 'robotic_sol.egg-info/SOURCES.txt'
running build_ext
Creating /home/ros22/machina/src/install/robotic_sol/lib/python3.10/site-packages/robotic-sol.egg-link (link to .)
Installing client_node script to /home/ros22/machina/src/install/robotic_sol/lib/robotic_sol
Installing sensor_node script to /home/ros22/machina/src/install/robotic_sol/lib/robotic_sol

Installed /home/ros22/machina/src/build/robotic_sol
running symlink_data
creating /home/ros22/machina/src/install/robotic_sol/share/ament_index
creating /home/ros22/machina/src/install/robotic_sol/share/ament_index/resource_index
creating /home/ros22/machina/src/install/robotic_sol/share/ament_index/resource_index/packages
symbolically linking /home/ros22/machina/src/build/robotic_sol/resource/robotic_sol -> /home/ros22/machina/src/install/robotic_sol/share/ament_index/resource_index/packages
symbolically linking /home/ros22/machina/src/build/robotic_sol/package.xml -> /home/ros22/machina/src/install/robotic_sol/share/robotic_sol
creating /home/ros22/machina/src/install/robotic_sol/share/robotic_sol/srv
creating /home/ros22/machina/src/install/robotic_sol/share/robotic_sol/msg
