-- The C compiler identification is GNU 11.4.0
-- The CXX compiler identification is GNU 11.4.0
-- Detecting C compiler ABI info
-- Detecting C compiler ABI info - done
-- Check for working C compiler: /usr/bin/cc - skipped
-- Detecting C compile features
-- Detecting C compile features - done
-- Detecting CXX compiler ABI info
-- Detecting CXX compiler ABI info - done
-- Check for working CXX compiler: /usr/bin/c++ - skipped
-- Detecting CXX compile features
-- Detecting CXX compile features - done
-- Found ament_cmake: 1.3.8 (/opt/ros/humble/share/ament_cmake/cmake)
-- Found Python3: /usr/bin/python3 (found version "3.10.12") found components: Interpreter 
-- Override CMake install command with custom implementation using symlinks instead of copying resources
-- Found rosidl_default_generators: 1.2.0 (/opt/ros/humble/share/rosidl_default_generators/cmake)
-- Using all available rosidl_typesupport_c: rosidl_typesupport_fastrtps_c;rosidl_typesupport_introspection_c
-- Found rosidl_adapter: 3.1.5 (/opt/ros/humble/share/rosidl_adapter/cmake)
-- Using all available rosidl_typesupport_cpp: rosidl_typesupport_fastrtps_cpp;rosidl_typesupport_introspection_cpp
-- Found ament_cmake_ros: 0.10.0 (/opt/ros/humble/share/ament_cmake_ros/cmake)
-- Using all available rosidl_typesupport_c: rosidl_typesupport_fastrtps_c;rosidl_typesupport_introspection_c
-- Using all available rosidl_typesupport_cpp: rosidl_typesupport_fastrtps_cpp;rosidl_typesupport_introspection_cpp
-- Found PythonInterp: /usr/bin/python3 (found suitable version "3.10.12", minimum required is "3.6") 
-- Found python_cmake_module: 0.10.0 (/opt/ros/humble/share/python_cmake_module/cmake)
-- Found PythonLibs: /usr/lib/x86_64-linux-gnu/libpython3.10.so (found suitable version "3.10.12", minimum required is "3.5") 
-- Using PYTHON_EXECUTABLE: /usr/bin/python3
-- Using PYTHON_INCLUDE_DIRS: /usr/include/python3.10
-- Using PYTHON_LIBRARIES: /usr/lib/x86_64-linux-gnu/libpython3.10.so
-- Found PythonExtra: .so  
-- Found ament_lint_auto: 0.12.10 (/opt/ros/humble/share/ament_lint_auto/cmake)
-- Added test 'flake8' to check Python code syntax and style conventions
-- Added test 'lint_cmake' to check CMake code style
-- Added test 'pep257' to check Python code against some of the docstring style conventions in PEP 257
-- Added test 'xmllint' to check XML markup files
-- Configuring done
-- Generating done
-- Build files have been written to: /home/ros22/machina/src/build/robotic_sol_interfaces
[  2%] [34m[1mGenerating C code for ROS interfaces[0m
[  5%] [34m[1mGenerating C++ code for ROS interfaces[0m
[  5%] Built target ament_cmake_python_symlink_robotic_sol_interfaces
running egg_info
creating robotic_sol_interfaces.egg-info
writing robotic_sol_interfaces.egg-info/PKG-INFO
writing dependency_links to robotic_sol_interfaces.egg-info/dependency_links.txt
writing top-level names to robotic_sol_interfaces.egg-info/top_level.txt
writing manifest file 'robotic_sol_interfaces.egg-info/SOURCES.txt'
reading manifest file 'robotic_sol_interfaces.egg-info/SOURCES.txt'
writing manifest file 'robotic_sol_interfaces.egg-info/SOURCES.txt'
[  5%] Built target ament_cmake_python_build_robotic_sol_interfaces_egg
[  5%] Built target robotic_sol_interfaces__cpp
[ 15%] [32mBuilding C object CMakeFiles/robotic_sol_interfaces__rosidl_generator_c.dir/rosidl_generator_c/robotic_sol_interfaces/msg/detail/sensor_data__functions.c.o[0m
[ 15%] [34m[1mGenerating C++ introspection for ROS interfaces[0m
[ 15%] [34m[1mGenerating C++ type support dispatch for ROS interfaces[0m
[ 17%] [34m[1mGenerating C++ type support for eProsima Fast-RTPS[0m
[ 15%] [32mBuilding C object CMakeFiles/robotic_sol_interfaces__rosidl_generator_c.dir/rosidl_generator_c/robotic_sol_interfaces/srv/detail/get_sensor_data__functions.c.o[0m
[ 20%] [32m[1mLinking C shared library librobotic_sol_interfaces__rosidl_generator_c.so[0m
[ 20%] Built target robotic_sol_interfaces__rosidl_generator_c
[ 28%] [34m[1mGenerating C introspection for ROS interfaces[0m
[ 28%] [34m[1mGenerating C type support for eProsima Fast-RTPS[0m
[ 28%] [34m[1mGenerating C type support dispatch for ROS interfaces[0m
[ 33%] [32mBuilding CXX object CMakeFiles/robotic_sol_interfaces__rosidl_typesupport_introspection_cpp.dir/rosidl_typesupport_introspection_cpp/robotic_sol_interfaces/msg/detail/sensor_data__type_support.cpp.o[0m
[ 33%] [32mBuilding CXX object CMakeFiles/robotic_sol_interfaces__rosidl_typesupport_introspection_cpp.dir/rosidl_typesupport_introspection_cpp/robotic_sol_interfaces/srv/detail/get_sensor_data__type_support.cpp.o[0m
[ 38%] [32mBuilding CXX object CMakeFiles/robotic_sol_interfaces__rosidl_typesupport_cpp.dir/rosidl_typesupport_cpp/robotic_sol_interfaces/srv/get_sensor_data__type_support.cpp.o[0m
[ 38%] [32mBuilding CXX object CMakeFiles/robotic_sol_interfaces__rosidl_typesupport_cpp.dir/rosidl_typesupport_cpp/robotic_sol_interfaces/msg/sensor_data__type_support.cpp.o[0m
[ 41%] [32mBuilding CXX object CMakeFiles/robotic_sol_interfaces__rosidl_typesupport_fastrtps_cpp.dir/rosidl_typesupport_fastrtps_cpp/robotic_sol_interfaces/msg/detail/dds_fastrtps/sensor_data__type_support.cpp.o[0m
[ 43%] [32mBuilding CXX object CMakeFiles/robotic_sol_interfaces__rosidl_typesupport_fastrtps_cpp.dir/rosidl_typesupport_fastrtps_cpp/robotic_sol_interfaces/srv/detail/dds_fastrtps/get_sensor_data__type_support.cpp.o[0m
[ 51%] [32mBuilding C object CMakeFiles/robotic_sol_interfaces__rosidl_typesupport_introspection_c.dir/rosidl_typesupport_introspection_c/robotic_sol_interfaces/msg/detail/sensor_data__type_support.c.o[0m
[ 51%] [32mBuilding CXX object CMakeFiles/robotic_sol_interfaces__rosidl_typesupport_c.dir/rosidl_typesupport_c/robotic_sol_interfaces/msg/sensor_data__type_support.cpp.o[0m
[ 53%] [32mBuilding CXX object CMakeFiles/robotic_sol_interfaces__rosidl_typesupport_c.dir/rosidl_typesupport_c/robotic_sol_interfaces/srv/get_sensor_data__type_support.cpp.o[0m
[ 53%] [32mBuilding C object CMakeFiles/robotic_sol_interfaces__rosidl_typesupport_introspection_c.dir/rosidl_typesupport_introspection_c/robotic_sol_interfaces/srv/detail/get_sensor_data__type_support.c.o[0m
[ 56%] [32m[1mLinking CXX shared library librobotic_sol_interfaces__rosidl_typesupport_c.so[0m
[ 58%] [32m[1mLinking C shared library librobotic_sol_interfaces__rosidl_typesupport_introspection_c.so[0m
[ 64%] [32mBuilding CXX object CMakeFiles/robotic_sol_interfaces__rosidl_typesupport_fastrtps_c.dir/rosidl_typesupport_fastrtps_c/robotic_sol_interfaces/srv/detail/get_sensor_data__type_support_c.cpp.o[0m
[ 64%] [32mBuilding CXX object CMakeFiles/robotic_sol_interfaces__rosidl_typesupport_fastrtps_c.dir/rosidl_typesupport_fastrtps_c/robotic_sol_interfaces/msg/detail/sensor_data__type_support_c.cpp.o[0m
[ 64%] Built target robotic_sol_interfaces__rosidl_typesupport_c
[ 64%] Built target robotic_sol_interfaces__rosidl_typesupport_introspection_c
[ 66%] [32m[1mLinking CXX shared library librobotic_sol_interfaces__rosidl_typesupport_cpp.so[0m
[ 66%] Built target robotic_sol_interfaces__rosidl_typesupport_cpp
[ 69%] [32m[1mLinking CXX shared library librobotic_sol_interfaces__rosidl_typesupport_introspection_cpp.so[0m
[ 69%] Built target robotic_sol_interfaces__rosidl_typesupport_introspection_cpp
[ 74%] [32m[1mLinking CXX shared library librobotic_sol_interfaces__rosidl_typesupport_fastrtps_c.so[0m
[ 74%] [32m[1mLinking CXX shared library librobotic_sol_interfaces__rosidl_typesupport_fastrtps_cpp.so[0m
[ 74%] Built target robotic_sol_interfaces__rosidl_typesupport_fastrtps_c
[ 74%] Built target robotic_sol_interfaces__rosidl_typesupport_fastrtps_cpp
[ 74%] Built target robotic_sol_interfaces
[ 76%] [34m[1mGenerating Python code for ROS interfaces[0m
[ 76%] Built target robotic_sol_interfaces__py
[ 82%] [32mBuilding C object CMakeFiles/robotic_sol_interfaces__rosidl_generator_py.dir/rosidl_generator_py/robotic_sol_interfaces/msg/_sensor_data_s.c.o[0m
[ 82%] [32mBuilding C object CMakeFiles/robotic_sol_interfaces__rosidl_generator_py.dir/rosidl_generator_py/robotic_sol_interfaces/srv/_get_sensor_data_s.c.o[0m
[ 84%] [32m[1mLinking C shared library rosidl_generator_py/robotic_sol_interfaces/librobotic_sol_interfaces__rosidl_generator_py.so[0m
[ 84%] Built target robotic_sol_interfaces__rosidl_generator_py
[ 92%] [32mBuilding C object CMakeFiles/robotic_sol_interfaces__rosidl_typesupport_fastrtps_c__pyext.dir/rosidl_generator_py/robotic_sol_interfaces/_robotic_sol_interfaces_s.ep.rosidl_typesupport_fastrtps_c.c.o[0m
[ 92%] [32mBuilding C object CMakeFiles/robotic_sol_interfaces__rosidl_typesupport_c__pyext.dir/rosidl_generator_py/robotic_sol_interfaces/_robotic_sol_interfaces_s.ep.rosidl_typesupport_c.c.o[0m
[ 92%] [32mBuilding C object CMakeFiles/robotic_sol_interfaces__rosidl_typesupport_introspection_c__pyext.dir/rosidl_generator_py/robotic_sol_interfaces/_robotic_sol_interfaces_s.ep.rosidl_typesupport_introspection_c.c.o[0m
[100%] [32m[1mLinking C shared library rosidl_generator_py/robotic_sol_interfaces/robotic_sol_interfaces_s__rosidl_typesupport_fastrtps_c.cpython-310-x86_64-linux-gnu.so[0m
[100%] [32m[1mLinking C shared library rosidl_generator_py/robotic_sol_interfaces/robotic_sol_interfaces_s__rosidl_typesupport_c.cpython-310-x86_64-linux-gnu.so[0m
[100%] [32m[1mLinking C shared library rosidl_generator_py/robotic_sol_interfaces/robotic_sol_interfaces_s__rosidl_typesupport_introspection_c.cpython-310-x86_64-linux-gnu.so[0m
[100%] Built target robotic_sol_interfaces__rosidl_typesupport_c__pyext
[100%] Built target robotic_sol_interfaces__rosidl_typesupport_introspection_c__pyext
[100%] Built target robotic_sol_interfaces__rosidl_typesupport_fastrtps_c__pyext
-- Install configuration: ""
-- Execute custom install script
-- Symlinking: /home/ros22/machina/src/install/robotic_sol_interfaces/share/ament_index/resource_index/rosidl_interfaces/robotic_sol_interfaces
-- Symlinking: /home/ros22/machina/src/install/robotic_sol_interfaces/include/robotic_sol_interfaces/robotic_sol_interfaces/msg/detail/sensor_data__functions.h
-- Symlinking: /home/ros22/machina/src/install/robotic_sol_interfaces/include/robotic_sol_interfaces/robotic_sol_interfaces/msg/detail/sensor_data__struct.h
-- Symlinking: /home/ros22/machina/src/install/robotic_sol_interfaces/include/robotic_sol_interfaces/robotic_sol_interfaces/msg/detail/sensor_data__type_support.h
-- Symlinking: /home/ros22/machina/src/install/robotic_sol_interfaces/include/robotic_sol_interfaces/robotic_sol_interfaces/msg/rosidl_generator_c__visibility_control.h
-- Symlinking: /home/ros22/machina/src/install/robotic_sol_interfaces/include/robotic_sol_interfaces/robotic_sol_interfaces/msg/sensor_data.h
-- Symlinking: /home/ros22/machina/src/install/robotic_sol_interfaces/include/robotic_sol_interfaces/robotic_sol_interfaces/srv/detail/get_sensor_data__functions.h
-- Symlinking: /home/ros22/machina/src/install/robotic_sol_interfaces/include/robotic_sol_interfaces/robotic_sol_interfaces/srv/detail/get_sensor_data__struct.h
-- Symlinking: /home/ros22/machina/src/install/robotic_sol_interfaces/include/robotic_sol_interfaces/robotic_sol_interfaces/srv/detail/get_sensor_data__type_support.h
-- Symlinking: /home/ros22/machina/src/install/robotic_sol_interfaces/include/robotic_sol_interfaces/robotic_sol_interfaces/srv/get_sensor_data.h
-- Symlinking: /home/ros22/machina/src/install/robotic_sol_interfaces/share/robotic_sol_interfaces/environment/library_path.sh
-- Symlinking: /home/ros22/machina/src/install/robotic_sol_interfaces/share/robotic_sol_interfaces/environment/library_path.dsv
-- Symlinking: /home/ros22/machina/src/install/robotic_sol_interfaces/include/robotic_sol_interfaces/robotic_sol_interfaces/msg/detail/sensor_data__rosidl_typesupport_fastrtps_c.h
-- Symlinking: /home/ros22/machina/src/install/robotic_sol_interfaces/include/robotic_sol_interfaces/robotic_sol_interfaces/msg/rosidl_typesupport_fastrtps_c__visibility_control.h
-- Symlinking: /home/ros22/machina/src/install/robotic_sol_interfaces/include/robotic_sol_interfaces/robotic_sol_interfaces/srv/detail/get_sensor_data__rosidl_typesupport_fastrtps_c.h
-- Symlinking: /home/ros22/machina/src/install/robotic_sol_interfaces/include/robotic_sol_interfaces/robotic_sol_interfaces/msg/detail/sensor_data__rosidl_typesupport_introspection_c.h
-- Symlinking: /home/ros22/machina/src/install/robotic_sol_interfaces/include/robotic_sol_interfaces/robotic_sol_interfaces/msg/rosidl_typesupport_introspection_c__visibility_control.h
-- Symlinking: /home/ros22/machina/src/install/robotic_sol_interfaces/include/robotic_sol_interfaces/robotic_sol_interfaces/srv/detail/get_sensor_data__rosidl_typesupport_introspection_c.h
-- Symlinking: /home/ros22/machina/src/install/robotic_sol_interfaces/include/robotic_sol_interfaces/robotic_sol_interfaces/msg/detail/sensor_data__builder.hpp
-- Symlinking: /home/ros22/machina/src/install/robotic_sol_interfaces/include/robotic_sol_interfaces/robotic_sol_interfaces/msg/detail/sensor_data__struct.hpp
-- Symlinking: /home/ros22/machina/src/install/robotic_sol_interfaces/include/robotic_sol_interfaces/robotic_sol_interfaces/msg/detail/sensor_data__traits.hpp
-- Symlinking: /home/ros22/machina/src/install/robotic_sol_interfaces/include/robotic_sol_interfaces/robotic_sol_interfaces/msg/sensor_data.hpp
-- Symlinking: /home/ros22/machina/src/install/robotic_sol_interfaces/include/robotic_sol_interfaces/robotic_sol_interfaces/srv/detail/get_sensor_data__builder.hpp
-- Symlinking: /home/ros22/machina/src/install/robotic_sol_interfaces/include/robotic_sol_interfaces/robotic_sol_interfaces/srv/detail/get_sensor_data__struct.hpp
-- Symlinking: /home/ros22/machina/src/install/robotic_sol_interfaces/include/robotic_sol_interfaces/robotic_sol_interfaces/srv/detail/get_sensor_data__traits.hpp
-- Symlinking: /home/ros22/machina/src/install/robotic_sol_interfaces/include/robotic_sol_interfaces/robotic_sol_interfaces/srv/get_sensor_data.hpp
-- Symlinking: /home/ros22/machina/src/install/robotic_sol_interfaces/include/robotic_sol_interfaces/robotic_sol_interfaces/msg/detail/sensor_data__rosidl_typesupport_fastrtps_cpp.hpp
-- Symlinking: /home/ros22/machina/src/install/robotic_sol_interfaces/include/robotic_sol_interfaces/robotic_sol_interfaces/msg/rosidl_typesupport_fastrtps_cpp__visibility_control.h
-- Symlinking: /home/ros22/machina/src/install/robotic_sol_interfaces/include/robotic_sol_interfaces/robotic_sol_interfaces/srv/detail/get_sensor_data__rosidl_typesupport_fastrtps_cpp.hpp
-- Symlinking: /home/ros22/machina/src/install/robotic_sol_interfaces/include/robotic_sol_interfaces/robotic_sol_interfaces/msg/detail/sensor_data__rosidl_typesupport_introspection_cpp.hpp
-- Symlinking: /home/ros22/machina/src/install/robotic_sol_interfaces/include/robotic_sol_interfaces/robotic_sol_interfaces/srv/detail/get_sensor_data__rosidl_typesupport_introspection_cpp.hpp
-- Symlinking: /home/ros22/machina/src/install/robotic_sol_interfaces/share/robotic_sol_interfaces/environment/pythonpath.sh
-- Symlinking: /home/ros22/machina/src/install/robotic_sol_interfaces/share/robotic_sol_interfaces/environment/pythonpath.dsv
-- Symlinking: /home/ros22/machina/src/install/robotic_sol_interfaces/local/lib/python3.10/dist-packages/robotic_sol_interfaces-0.0.0-py3.10.egg-info/PKG-INFO
-- Symlinking: /home/ros22/machina/src/install/robotic_sol_interfaces/local/lib/python3.10/dist-packages/robotic_sol_interfaces-0.0.0-py3.10.egg-info/SOURCES.txt
-- Symlinking: /home/ros22/machina/src/install/robotic_sol_interfaces/local/lib/python3.10/dist-packages/robotic_sol_interfaces-0.0.0-py3.10.egg-info/dependency_links.txt
-- Symlinking: /home/ros22/machina/src/install/robotic_sol_interfaces/local/lib/python3.10/dist-packages/robotic_sol_interfaces-0.0.0-py3.10.egg-info/top_level.txt
-- Symlinking: /home/ros22/machina/src/install/robotic_sol_interfaces/local/lib/python3.10/dist-packages/robotic_sol_interfaces/__init__.py
-- Symlinking: /home/ros22/machina/src/install/robotic_sol_interfaces/local/lib/python3.10/dist-packages/robotic_sol_interfaces/_robotic_sol_interfaces_s.ep.rosidl_typesupport_c.c
-- Symlinking: /home/ros22/machina/src/install/robotic_sol_interfaces/local/lib/python3.10/dist-packages/robotic_sol_interfaces/_robotic_sol_interfaces_s.ep.rosidl_typesupport_fastrtps_c.c
-- Symlinking: /home/ros22/machina/src/install/robotic_sol_interfaces/local/lib/python3.10/dist-packages/robotic_sol_interfaces/_robotic_sol_interfaces_s.ep.rosidl_typesupport_introspection_c.c
-- Symlinking: /home/ros22/machina/src/install/robotic_sol_interfaces/local/lib/python3.10/dist-packages/robotic_sol_interfaces/librobotic_sol_interfaces__rosidl_generator_py.so
-- Symlinking: /home/ros22/machina/src/install/robotic_sol_interfaces/local/lib/python3.10/dist-packages/robotic_sol_interfaces/msg/__init__.py
-- Symlinking: /home/ros22/machina/src/install/robotic_sol_interfaces/local/lib/python3.10/dist-packages/robotic_sol_interfaces/msg/_sensor_data.py
-- Symlinking: /home/ros22/machina/src/install/robotic_sol_interfaces/local/lib/python3.10/dist-packages/robotic_sol_interfaces/msg/_sensor_data_s.c
-- Symlinking: /home/ros22/machina/src/install/robotic_sol_interfaces/local/lib/python3.10/dist-packages/robotic_sol_interfaces/robotic_sol_interfaces_s__rosidl_typesupport_c.cpython-310-x86_64-linux-gnu.so
-- Symlinking: /home/ros22/machina/src/install/robotic_sol_interfaces/local/lib/python3.10/dist-packages/robotic_sol_interfaces/robotic_sol_interfaces_s__rosidl_typesupport_fastrtps_c.cpython-310-x86_64-linux-gnu.so
-- Symlinking: /home/ros22/machina/src/install/robotic_sol_interfaces/local/lib/python3.10/dist-packages/robotic_sol_interfaces/robotic_sol_interfaces_s__rosidl_typesupport_introspection_c.cpython-310-x86_64-linux-gnu.so
-- Symlinking: /home/ros22/machina/src/install/robotic_sol_interfaces/local/lib/python3.10/dist-packages/robotic_sol_interfaces/srv/__init__.py
-- Symlinking: /home/ros22/machina/src/install/robotic_sol_interfaces/local/lib/python3.10/dist-packages/robotic_sol_interfaces/srv/_get_sensor_data.py
-- Symlinking: /home/ros22/machina/src/install/robotic_sol_interfaces/local/lib/python3.10/dist-packages/robotic_sol_interfaces/srv/_get_sensor_data_s.c
-- Up-to-date symlink: /home/ros22/machina/src/install/robotic_sol_interfaces/local/lib/python3.10/dist-packages/robotic_sol_interfaces/robotic_sol_interfaces_s__rosidl_typesupport_fastrtps_c.cpython-310-x86_64-linux-gnu.so
-- Up-to-date symlink: /home/ros22/machina/src/install/robotic_sol_interfaces/local/lib/python3.10/dist-packages/robotic_sol_interfaces/robotic_sol_interfaces_s__rosidl_typesupport_introspection_c.cpython-310-x86_64-linux-gnu.so
-- Up-to-date symlink: /home/ros22/machina/src/install/robotic_sol_interfaces/local/lib/python3.10/dist-packages/robotic_sol_interfaces/robotic_sol_interfaces_s__rosidl_typesupport_c.cpython-310-x86_64-linux-gnu.so
-- Symlinking: /home/ros22/machina/src/install/robotic_sol_interfaces/share/robotic_sol_interfaces/msg/SensorData.idl
-- Symlinking: /home/ros22/machina/src/install/robotic_sol_interfaces/share/robotic_sol_interfaces/srv/GetSensorData.idl
-- Symlinking: /home/ros22/machina/src/install/robotic_sol_interfaces/share/robotic_sol_interfaces/msg/SensorData.msg
-- Symlinking: /home/ros22/machina/src/install/robotic_sol_interfaces/share/robotic_sol_interfaces/srv/GetSensorData.srv
-- Symlinking: /home/ros22/machina/src/install/robotic_sol_interfaces/share/robotic_sol_interfaces/srv/GetSensorData_Request.msg
-- Symlinking: /home/ros22/machina/src/install/robotic_sol_interfaces/share/robotic_sol_interfaces/srv/GetSensorData_Response.msg
-- Symlinking: /home/ros22/machina/src/install/robotic_sol_interfaces/share/ament_index/resource_index/package_run_dependencies/robotic_sol_interfaces
-- Symlinking: /home/ros22/machina/src/install/robotic_sol_interfaces/share/ament_index/resource_index/parent_prefix_path/robotic_sol_interfaces
-- Symlinking: /home/ros22/machina/src/install/robotic_sol_interfaces/share/robotic_sol_interfaces/environment/ament_prefix_path.sh
-- Symlinking: /home/ros22/machina/src/install/robotic_sol_interfaces/share/robotic_sol_interfaces/environment/ament_prefix_path.dsv
-- Symlinking: /home/ros22/machina/src/install/robotic_sol_interfaces/share/robotic_sol_interfaces/environment/path.sh
-- Symlinking: /home/ros22/machina/src/install/robotic_sol_interfaces/share/robotic_sol_interfaces/environment/path.dsv
-- Symlinking: /home/ros22/machina/src/install/robotic_sol_interfaces/share/robotic_sol_interfaces/local_setup.bash
-- Symlinking: /home/ros22/machina/src/install/robotic_sol_interfaces/share/robotic_sol_interfaces/local_setup.sh
-- Symlinking: /home/ros22/machina/src/install/robotic_sol_interfaces/share/robotic_sol_interfaces/local_setup.zsh
-- Symlinking: /home/ros22/machina/src/install/robotic_sol_interfaces/share/robotic_sol_interfaces/local_setup.dsv
-- Symlinking: /home/ros22/machina/src/install/robotic_sol_interfaces/share/robotic_sol_interfaces/package.dsv
-- Symlinking: /home/ros22/machina/src/install/robotic_sol_interfaces/share/ament_index/resource_index/packages/robotic_sol_interfaces
-- Symlinking: /home/ros22/machina/src/install/robotic_sol_interfaces/share/robotic_sol_interfaces/cmake/rosidl_cmake-extras.cmake
-- Symlinking: /home/ros22/machina/src/install/robotic_sol_interfaces/share/robotic_sol_interfaces/cmake/ament_cmake_export_include_directories-extras.cmake
-- Symlinking: /home/ros22/machina/src/install/robotic_sol_interfaces/share/robotic_sol_interfaces/cmake/ament_cmake_export_libraries-extras.cmake
-- Symlinking: /home/ros22/machina/src/install/robotic_sol_interfaces/share/robotic_sol_interfaces/cmake/ament_cmake_export_targets-extras.cmake
-- Symlinking: /home/ros22/machina/src/install/robotic_sol_interfaces/share/robotic_sol_interfaces/cmake/rosidl_cmake_export_typesupport_targets-extras.cmake
-- Symlinking: /home/ros22/machina/src/install/robotic_sol_interfaces/share/robotic_sol_interfaces/cmake/ament_cmake_export_dependencies-extras.cmake
-- Symlinking: /home/ros22/machina/src/install/robotic_sol_interfaces/share/robotic_sol_interfaces/cmake/rosidl_cmake_export_typesupport_libraries-extras.cmake
-- Symlinking: /home/ros22/machina/src/install/robotic_sol_interfaces/share/robotic_sol_interfaces/cmake/robotic_sol_interfacesConfig.cmake
-- Symlinking: /home/ros22/machina/src/install/robotic_sol_interfaces/share/robotic_sol_interfaces/cmake/robotic_sol_interfacesConfig-version.cmake
-- Symlinking: /home/ros22/machina/src/install/robotic_sol_interfaces/share/robotic_sol_interfaces/package.xml
-- Installing: /home/ros22/machina/src/install/robotic_sol_interfaces/lib/librobotic_sol_interfaces__rosidl_generator_c.so
-- Set runtime path of "/home/ros22/machina/src/install/robotic_sol_interfaces/lib/librobotic_sol_interfaces__rosidl_generator_c.so" to ""
-- Installing: /home/ros22/machina/src/install/robotic_sol_interfaces/lib/librobotic_sol_interfaces__rosidl_typesupport_fastrtps_c.so
-- Set runtime path of "/home/ros22/machina/src/install/robotic_sol_interfaces/lib/librobotic_sol_interfaces__rosidl_typesupport_fastrtps_c.so" to ""
-- Installing: /home/ros22/machina/src/install/robotic_sol_interfaces/lib/librobotic_sol_interfaces__rosidl_typesupport_introspection_c.so
-- Set runtime path of "/home/ros22/machina/src/install/robotic_sol_interfaces/lib/librobotic_sol_interfaces__rosidl_typesupport_introspection_c.so" to ""
-- Installing: /home/ros22/machina/src/install/robotic_sol_interfaces/lib/librobotic_sol_interfaces__rosidl_typesupport_c.so
-- Set runtime path of "/home/ros22/machina/src/install/robotic_sol_interfaces/lib/librobotic_sol_interfaces__rosidl_typesupport_c.so" to ""
-- Installing: /home/ros22/machina/src/install/robotic_sol_interfaces/lib/librobotic_sol_interfaces__rosidl_typesupport_fastrtps_cpp.so
-- Set runtime path of "/home/ros22/machina/src/install/robotic_sol_interfaces/lib/librobotic_sol_interfaces__rosidl_typesupport_fastrtps_cpp.so" to ""
-- Installing: /home/ros22/machina/src/install/robotic_sol_interfaces/lib/librobotic_sol_interfaces__rosidl_typesupport_introspection_cpp.so
-- Set runtime path of "/home/ros22/machina/src/install/robotic_sol_interfaces/lib/librobotic_sol_interfaces__rosidl_typesupport_introspection_cpp.so" to ""
-- Installing: /home/ros22/machina/src/install/robotic_sol_interfaces/lib/librobotic_sol_interfaces__rosidl_typesupport_cpp.so
-- Set runtime path of "/home/ros22/machina/src/install/robotic_sol_interfaces/lib/librobotic_sol_interfaces__rosidl_typesupport_cpp.so" to ""
Listing '/home/ros22/machina/src/install/robotic_sol_interfaces/local/lib/python3.10/dist-packages/robotic_sol_interfaces'...
Compiling '/home/ros22/machina/src/install/robotic_sol_interfaces/local/lib/python3.10/dist-packages/robotic_sol_interfaces/__init__.py'...
Listing '/home/ros22/machina/src/install/robotic_sol_interfaces/local/lib/python3.10/dist-packages/robotic_sol_interfaces/msg'...
Compiling '/home/ros22/machina/src/install/robotic_sol_interfaces/local/lib/python3.10/dist-packages/robotic_sol_interfaces/msg/__init__.py'...
Compiling '/home/ros22/machina/src/install/robotic_sol_interfaces/local/lib/python3.10/dist-packages/robotic_sol_interfaces/msg/_sensor_data.py'...
Listing '/home/ros22/machina/src/install/robotic_sol_interfaces/local/lib/python3.10/dist-packages/robotic_sol_interfaces/srv'...
Compiling '/home/ros22/machina/src/install/robotic_sol_interfaces/local/lib/python3.10/dist-packages/robotic_sol_interfaces/srv/__init__.py'...
Compiling '/home/ros22/machina/src/install/robotic_sol_interfaces/local/lib/python3.10/dist-packages/robotic_sol_interfaces/srv/_get_sensor_data.py'...
-- Installing: /home/ros22/machina/src/install/robotic_sol_interfaces/lib/librobotic_sol_interfaces__rosidl_generator_py.so
-- Set runtime path of "/home/ros22/machina/src/install/robotic_sol_interfaces/lib/librobotic_sol_interfaces__rosidl_generator_py.so" to ""
-- Installing: /home/ros22/machina/src/install/robotic_sol_interfaces/share/robotic_sol_interfaces/cmake/export_robotic_sol_interfaces__rosidl_generator_cExport.cmake
-- Installing: /home/ros22/machina/src/install/robotic_sol_interfaces/share/robotic_sol_interfaces/cmake/export_robotic_sol_interfaces__rosidl_generator_cExport-noconfig.cmake
-- Installing: /home/ros22/machina/src/install/robotic_sol_interfaces/share/robotic_sol_interfaces/cmake/export_robotic_sol_interfaces__rosidl_typesupport_fastrtps_cExport.cmake
-- Installing: /home/ros22/machina/src/install/robotic_sol_interfaces/share/robotic_sol_interfaces/cmake/export_robotic_sol_interfaces__rosidl_typesupport_fastrtps_cExport-noconfig.cmake
-- Installing: /home/ros22/machina/src/install/robotic_sol_interfaces/share/robotic_sol_interfaces/cmake/robotic_sol_interfaces__rosidl_typesupport_introspection_cExport.cmake
-- Installing: /home/ros22/machina/src/install/robotic_sol_interfaces/share/robotic_sol_interfaces/cmake/robotic_sol_interfaces__rosidl_typesupport_introspection_cExport-noconfig.cmake
-- Installing: /home/ros22/machina/src/install/robotic_sol_interfaces/share/robotic_sol_interfaces/cmake/robotic_sol_interfaces__rosidl_typesupport_cExport.cmake
-- Installing: /home/ros22/machina/src/install/robotic_sol_interfaces/share/robotic_sol_interfaces/cmake/robotic_sol_interfaces__rosidl_typesupport_cExport-noconfig.cmake
-- Installing: /home/ros22/machina/src/install/robotic_sol_interfaces/share/robotic_sol_interfaces/cmake/export_robotic_sol_interfaces__rosidl_generator_cppExport.cmake
-- Installing: /home/ros22/machina/src/install/robotic_sol_interfaces/share/robotic_sol_interfaces/cmake/export_robotic_sol_interfaces__rosidl_typesupport_fastrtps_cppExport.cmake
-- Installing: /home/ros22/machina/src/install/robotic_sol_interfaces/share/robotic_sol_interfaces/cmake/export_robotic_sol_interfaces__rosidl_typesupport_fastrtps_cppExport-noconfig.cmake
-- Installing: /home/ros22/machina/src/install/robotic_sol_interfaces/share/robotic_sol_interfaces/cmake/robotic_sol_interfaces__rosidl_typesupport_introspection_cppExport.cmake
-- Installing: /home/ros22/machina/src/install/robotic_sol_interfaces/share/robotic_sol_interfaces/cmake/robotic_sol_interfaces__rosidl_typesupport_introspection_cppExport-noconfig.cmake
-- Installing: /home/ros22/machina/src/install/robotic_sol_interfaces/share/robotic_sol_interfaces/cmake/robotic_sol_interfaces__rosidl_typesupport_cppExport.cmake
-- Installing: /home/ros22/machina/src/install/robotic_sol_interfaces/share/robotic_sol_interfaces/cmake/robotic_sol_interfaces__rosidl_typesupport_cppExport-noconfig.cmake
-- Installing: /home/ros22/machina/src/install/robotic_sol_interfaces/share/robotic_sol_interfaces/cmake/export_robotic_sol_interfaces__rosidl_generator_pyExport.cmake
-- Installing: /home/ros22/machina/src/install/robotic_sol_interfaces/share/robotic_sol_interfaces/cmake/export_robotic_sol_interfaces__rosidl_generator_pyExport-noconfig.cmake
