[0.171s] Invoking command in '/home/ros22/machina/build/robotic_sol_interfaces': CMAKE_PREFIX_PATH=${CMAKE_PREFIX_PATH}:/home/ros22/machina/install/robotic_sol:/opt/ros/humble /usr/bin/cmake --build /home/ros22/machina/build/robotic_sol_interfaces -- -j16 -l16
[0.197s] [  9%] Built target robotic_sol_interfaces__cpp
[0.197s] [ 12%] Built target robotic_sol_interfaces__rosidl_generator_c
[0.203s] [ 12%] Built target ament_cmake_python_symlink_robotic_sol_interfaces
[0.209s] [ 41%] Built target robotic_sol_interfaces__rosidl_typesupport_c
[0.209s] [ 41%] Built target robotic_sol_interfaces__rosidl_typesupport_introspection_c
[0.210s] [ 41%] Built target robotic_sol_interfaces__rosidl_typesupport_fastrtps_c
[0.210s] [ 51%] Built target robotic_sol_interfaces__rosidl_typesupport_fastrtps_cpp
[0.210s] [ 61%] Built target robotic_sol_interfaces__rosidl_typesupport_introspection_cpp
[0.211s] [ 70%] Built target robotic_sol_interfaces__rosidl_typesupport_cpp
[0.222s] [ 70%] Built target robotic_sol_interfaces
[0.233s] [ 74%] Built target robotic_sol_interfaces__py
[0.244s] [ 80%] Built target robotic_sol_interfaces__rosidl_generator_py
[0.256s] [100%] Built target robotic_sol_interfaces__rosidl_typesupport_c__pyext
[0.257s] [100%] Built target robotic_sol_interfaces__rosidl_typesupport_fastrtps_c__pyext
[0.257s] [100%] Built target robotic_sol_interfaces__rosidl_typesupport_introspection_c__pyext
[0.367s] running egg_info
[0.367s] writing robotic_sol_interfaces.egg-info/PKG-INFO
[0.367s] writing dependency_links to robotic_sol_interfaces.egg-info/dependency_links.txt
[0.368s] writing top-level names to robotic_sol_interfaces.egg-info/top_level.txt
[0.369s] reading manifest file 'robotic_sol_interfaces.egg-info/SOURCES.txt'
[0.369s] writing manifest file 'robotic_sol_interfaces.egg-info/SOURCES.txt'
[0.389s] [100%] Built target ament_cmake_python_build_robotic_sol_interfaces_egg
[0.399s] Invoked command in '/home/ros22/machina/build/robotic_sol_interfaces' returned '0': CMAKE_PREFIX_PATH=${CMAKE_PREFIX_PATH}:/home/ros22/machina/install/robotic_sol:/opt/ros/humble /usr/bin/cmake --build /home/ros22/machina/build/robotic_sol_interfaces -- -j16 -l16
[0.433s] Invoking command in '/home/ros22/machina/build/robotic_sol_interfaces': CMAKE_PREFIX_PATH=${CMAKE_PREFIX_PATH}:/home/ros22/machina/install/robotic_sol:/opt/ros/humble /usr/bin/cmake --install /home/ros22/machina/build/robotic_sol_interfaces
[0.437s] -- Install configuration: ""
[0.437s] -- Execute custom install script
[0.438s] -- Up-to-date symlink: /home/ros22/machina/install/robotic_sol_interfaces/share/ament_index/resource_index/rosidl_interfaces/robotic_sol_interfaces
[0.438s] -- Up-to-date symlink: /home/ros22/machina/install/robotic_sol_interfaces/include/robotic_sol_interfaces/robotic_sol_interfaces/msg/rosidl_generator_c__visibility_control.h
[0.438s] -- Up-to-date symlink: /home/ros22/machina/install/robotic_sol_interfaces/include/robotic_sol_interfaces/robotic_sol_interfaces/srv/detail/get_sensor_data__functions.h
[0.438s] -- Up-to-date symlink: /home/ros22/machina/install/robotic_sol_interfaces/include/robotic_sol_interfaces/robotic_sol_interfaces/srv/detail/get_sensor_data__struct.h
[0.438s] -- Up-to-date symlink: /home/ros22/machina/install/robotic_sol_interfaces/include/robotic_sol_interfaces/robotic_sol_interfaces/srv/detail/get_sensor_data__type_support.h
[0.438s] -- Up-to-date symlink: /home/ros22/machina/install/robotic_sol_interfaces/include/robotic_sol_interfaces/robotic_sol_interfaces/srv/get_sensor_data.h
[0.438s] -- Up-to-date symlink: /home/ros22/machina/install/robotic_sol_interfaces/share/robotic_sol_interfaces/environment/library_path.sh
[0.438s] -- Up-to-date symlink: /home/ros22/machina/install/robotic_sol_interfaces/share/robotic_sol_interfaces/environment/library_path.dsv
[0.439s] -- Up-to-date symlink: /home/ros22/machina/install/robotic_sol_interfaces/include/robotic_sol_interfaces/robotic_sol_interfaces/msg/rosidl_typesupport_fastrtps_c__visibility_control.h
[0.439s] -- Up-to-date symlink: /home/ros22/machina/install/robotic_sol_interfaces/include/robotic_sol_interfaces/robotic_sol_interfaces/srv/detail/get_sensor_data__rosidl_typesupport_fastrtps_c.h
[0.439s] -- Up-to-date symlink: /home/ros22/machina/install/robotic_sol_interfaces/include/robotic_sol_interfaces/robotic_sol_interfaces/msg/rosidl_typesupport_introspection_c__visibility_control.h
[0.439s] -- Up-to-date symlink: /home/ros22/machina/install/robotic_sol_interfaces/include/robotic_sol_interfaces/robotic_sol_interfaces/srv/detail/get_sensor_data__rosidl_typesupport_introspection_c.h
[0.439s] -- Up-to-date symlink: /home/ros22/machina/install/robotic_sol_interfaces/include/robotic_sol_interfaces/robotic_sol_interfaces/srv/detail/get_sensor_data__builder.hpp
[0.439s] -- Up-to-date symlink: /home/ros22/machina/install/robotic_sol_interfaces/include/robotic_sol_interfaces/robotic_sol_interfaces/srv/detail/get_sensor_data__struct.hpp
[0.439s] -- Up-to-date symlink: /home/ros22/machina/install/robotic_sol_interfaces/include/robotic_sol_interfaces/robotic_sol_interfaces/srv/detail/get_sensor_data__traits.hpp
[0.439s] -- Up-to-date symlink: /home/ros22/machina/install/robotic_sol_interfaces/include/robotic_sol_interfaces/robotic_sol_interfaces/srv/get_sensor_data.hpp
[0.440s] -- Up-to-date symlink: /home/ros22/machina/install/robotic_sol_interfaces/include/robotic_sol_interfaces/robotic_sol_interfaces/msg/rosidl_typesupport_fastrtps_cpp__visibility_control.h
[0.440s] -- Up-to-date symlink: /home/ros22/machina/install/robotic_sol_interfaces/include/robotic_sol_interfaces/robotic_sol_interfaces/srv/detail/get_sensor_data__rosidl_typesupport_fastrtps_cpp.hpp
[0.440s] -- Up-to-date symlink: /home/ros22/machina/install/robotic_sol_interfaces/include/robotic_sol_interfaces/robotic_sol_interfaces/srv/detail/get_sensor_data__rosidl_typesupport_introspection_cpp.hpp
[0.440s] -- Up-to-date symlink: /home/ros22/machina/install/robotic_sol_interfaces/share/robotic_sol_interfaces/environment/pythonpath.sh
[0.440s] -- Up-to-date symlink: /home/ros22/machina/install/robotic_sol_interfaces/share/robotic_sol_interfaces/environment/pythonpath.dsv
[0.440s] -- Up-to-date symlink: /home/ros22/machina/install/robotic_sol_interfaces/local/lib/python3.10/dist-packages/robotic_sol_interfaces-0.0.0-py3.10.egg-info/PKG-INFO
[0.440s] -- Up-to-date symlink: /home/ros22/machina/install/robotic_sol_interfaces/local/lib/python3.10/dist-packages/robotic_sol_interfaces-0.0.0-py3.10.egg-info/SOURCES.txt
[0.440s] -- Up-to-date symlink: /home/ros22/machina/install/robotic_sol_interfaces/local/lib/python3.10/dist-packages/robotic_sol_interfaces-0.0.0-py3.10.egg-info/dependency_links.txt
[0.441s] -- Up-to-date symlink: /home/ros22/machina/install/robotic_sol_interfaces/local/lib/python3.10/dist-packages/robotic_sol_interfaces-0.0.0-py3.10.egg-info/top_level.txt
[0.441s] -- Up-to-date symlink: /home/ros22/machina/install/robotic_sol_interfaces/local/lib/python3.10/dist-packages/robotic_sol_interfaces/__init__.py
[0.441s] -- Up-to-date symlink: /home/ros22/machina/install/robotic_sol_interfaces/local/lib/python3.10/dist-packages/robotic_sol_interfaces/_robotic_sol_interfaces_s.ep.rosidl_typesupport_c.c
[0.441s] -- Up-to-date symlink: /home/ros22/machina/install/robotic_sol_interfaces/local/lib/python3.10/dist-packages/robotic_sol_interfaces/_robotic_sol_interfaces_s.ep.rosidl_typesupport_fastrtps_c.c
[0.441s] -- Up-to-date symlink: /home/ros22/machina/install/robotic_sol_interfaces/local/lib/python3.10/dist-packages/robotic_sol_interfaces/_robotic_sol_interfaces_s.ep.rosidl_typesupport_introspection_c.c
[0.441s] -- Up-to-date symlink: /home/ros22/machina/install/robotic_sol_interfaces/local/lib/python3.10/dist-packages/robotic_sol_interfaces/librobotic_sol_interfaces__rosidl_generator_py.so
[0.441s] -- Up-to-date symlink: /home/ros22/machina/install/robotic_sol_interfaces/local/lib/python3.10/dist-packages/robotic_sol_interfaces/robotic_sol_interfaces_s__rosidl_typesupport_c.cpython-310-x86_64-linux-gnu.so
[0.442s] -- Up-to-date symlink: /home/ros22/machina/install/robotic_sol_interfaces/local/lib/python3.10/dist-packages/robotic_sol_interfaces/robotic_sol_interfaces_s__rosidl_typesupport_fastrtps_c.cpython-310-x86_64-linux-gnu.so
[0.442s] -- Up-to-date symlink: /home/ros22/machina/install/robotic_sol_interfaces/local/lib/python3.10/dist-packages/robotic_sol_interfaces/robotic_sol_interfaces_s__rosidl_typesupport_introspection_c.cpython-310-x86_64-linux-gnu.so
[0.442s] -- Up-to-date symlink: /home/ros22/machina/install/robotic_sol_interfaces/local/lib/python3.10/dist-packages/robotic_sol_interfaces/srv/__init__.py
[0.442s] -- Up-to-date symlink: /home/ros22/machina/install/robotic_sol_interfaces/local/lib/python3.10/dist-packages/robotic_sol_interfaces/srv/_get_sensor_data.py
[0.442s] -- Up-to-date symlink: /home/ros22/machina/install/robotic_sol_interfaces/local/lib/python3.10/dist-packages/robotic_sol_interfaces/srv/_get_sensor_data_s.c
[0.442s] -- Up-to-date symlink: /home/ros22/machina/install/robotic_sol_interfaces/local/lib/python3.10/dist-packages/robotic_sol_interfaces/robotic_sol_interfaces_s__rosidl_typesupport_fastrtps_c.cpython-310-x86_64-linux-gnu.so
[0.442s] -- Up-to-date symlink: /home/ros22/machina/install/robotic_sol_interfaces/local/lib/python3.10/dist-packages/robotic_sol_interfaces/robotic_sol_interfaces_s__rosidl_typesupport_introspection_c.cpython-310-x86_64-linux-gnu.so
[0.442s] -- Up-to-date symlink: /home/ros22/machina/install/robotic_sol_interfaces/local/lib/python3.10/dist-packages/robotic_sol_interfaces/robotic_sol_interfaces_s__rosidl_typesupport_c.cpython-310-x86_64-linux-gnu.so
[0.442s] -- Up-to-date symlink: /home/ros22/machina/install/robotic_sol_interfaces/share/robotic_sol_interfaces/srv/GetSensorData.idl
[0.442s] -- Up-to-date symlink: /home/ros22/machina/install/robotic_sol_interfaces/share/robotic_sol_interfaces/srv/GetSensorData.srv
[0.443s] -- Up-to-date symlink: /home/ros22/machina/install/robotic_sol_interfaces/share/robotic_sol_interfaces/srv/GetSensorData_Request.msg
[0.443s] -- Up-to-date symlink: /home/ros22/machina/install/robotic_sol_interfaces/share/robotic_sol_interfaces/srv/GetSensorData_Response.msg
[0.443s] -- Up-to-date symlink: /home/ros22/machina/install/robotic_sol_interfaces/share/ament_index/resource_index/package_run_dependencies/robotic_sol_interfaces
[0.443s] -- Up-to-date symlink: /home/ros22/machina/install/robotic_sol_interfaces/share/ament_index/resource_index/parent_prefix_path/robotic_sol_interfaces
[0.443s] -- Up-to-date symlink: /home/ros22/machina/install/robotic_sol_interfaces/share/robotic_sol_interfaces/environment/ament_prefix_path.sh
[0.443s] -- Up-to-date symlink: /home/ros22/machina/install/robotic_sol_interfaces/share/robotic_sol_interfaces/environment/ament_prefix_path.dsv
[0.443s] -- Up-to-date symlink: /home/ros22/machina/install/robotic_sol_interfaces/share/robotic_sol_interfaces/environment/path.sh
[0.443s] -- Up-to-date symlink: /home/ros22/machina/install/robotic_sol_interfaces/share/robotic_sol_interfaces/environment/path.dsv
[0.443s] -- Up-to-date symlink: /home/ros22/machina/install/robotic_sol_interfaces/share/robotic_sol_interfaces/local_setup.bash
[0.444s] -- Up-to-date symlink: /home/ros22/machina/install/robotic_sol_interfaces/share/robotic_sol_interfaces/local_setup.sh
[0.444s] -- Up-to-date symlink: /home/ros22/machina/install/robotic_sol_interfaces/share/robotic_sol_interfaces/local_setup.zsh
[0.444s] -- Up-to-date symlink: /home/ros22/machina/install/robotic_sol_interfaces/share/robotic_sol_interfaces/local_setup.dsv
[0.444s] -- Symlinking: /home/ros22/machina/install/robotic_sol_interfaces/share/robotic_sol_interfaces/package.dsv
[0.450s] -- Up-to-date symlink: /home/ros22/machina/install/robotic_sol_interfaces/share/ament_index/resource_index/packages/robotic_sol_interfaces
[0.451s] -- Up-to-date symlink: /home/ros22/machina/install/robotic_sol_interfaces/share/robotic_sol_interfaces/cmake/rosidl_cmake-extras.cmake
[0.451s] -- Up-to-date symlink: /home/ros22/machina/install/robotic_sol_interfaces/share/robotic_sol_interfaces/cmake/ament_cmake_export_include_directories-extras.cmake
[0.451s] -- Up-to-date symlink: /home/ros22/machina/install/robotic_sol_interfaces/share/robotic_sol_interfaces/cmake/ament_cmake_export_libraries-extras.cmake
[0.451s] -- Up-to-date symlink: /home/ros22/machina/install/robotic_sol_interfaces/share/robotic_sol_interfaces/cmake/ament_cmake_export_targets-extras.cmake
[0.451s] -- Up-to-date symlink: /home/ros22/machina/install/robotic_sol_interfaces/share/robotic_sol_interfaces/cmake/rosidl_cmake_export_typesupport_targets-extras.cmake
[0.451s] -- Up-to-date symlink: /home/ros22/machina/install/robotic_sol_interfaces/share/robotic_sol_interfaces/cmake/ament_cmake_export_dependencies-extras.cmake
[0.451s] -- Up-to-date symlink: /home/ros22/machina/install/robotic_sol_interfaces/share/robotic_sol_interfaces/cmake/rosidl_cmake_export_typesupport_libraries-extras.cmake
[0.451s] -- Up-to-date symlink: /home/ros22/machina/install/robotic_sol_interfaces/share/robotic_sol_interfaces/cmake/robotic_sol_interfacesConfig.cmake
[0.452s] -- Up-to-date symlink: /home/ros22/machina/install/robotic_sol_interfaces/share/robotic_sol_interfaces/cmake/robotic_sol_interfacesConfig-version.cmake
[0.452s] -- Up-to-date symlink: /home/ros22/machina/install/robotic_sol_interfaces/share/robotic_sol_interfaces/package.xml
[0.452s] -- Up-to-date: /home/ros22/machina/install/robotic_sol_interfaces/lib/librobotic_sol_interfaces__rosidl_generator_c.so
[0.452s] -- Up-to-date: /home/ros22/machina/install/robotic_sol_interfaces/lib/librobotic_sol_interfaces__rosidl_typesupport_fastrtps_c.so
[0.452s] -- Up-to-date: /home/ros22/machina/install/robotic_sol_interfaces/lib/librobotic_sol_interfaces__rosidl_typesupport_introspection_c.so
[0.452s] -- Up-to-date: /home/ros22/machina/install/robotic_sol_interfaces/lib/librobotic_sol_interfaces__rosidl_typesupport_c.so
[0.452s] -- Up-to-date: /home/ros22/machina/install/robotic_sol_interfaces/lib/librobotic_sol_interfaces__rosidl_typesupport_fastrtps_cpp.so
[0.453s] -- Up-to-date: /home/ros22/machina/install/robotic_sol_interfaces/lib/librobotic_sol_interfaces__rosidl_typesupport_introspection_cpp.so
[0.453s] -- Up-to-date: /home/ros22/machina/install/robotic_sol_interfaces/lib/librobotic_sol_interfaces__rosidl_typesupport_cpp.so
[0.473s] Listing '/home/ros22/machina/install/robotic_sol_interfaces/local/lib/python3.10/dist-packages/robotic_sol_interfaces'...
[0.473s] Listing '/home/ros22/machina/install/robotic_sol_interfaces/local/lib/python3.10/dist-packages/robotic_sol_interfaces/srv'...
[0.476s] -- Up-to-date: /home/ros22/machina/install/robotic_sol_interfaces/lib/librobotic_sol_interfaces__rosidl_generator_py.so
[0.476s] -- Up-to-date: /home/ros22/machina/install/robotic_sol_interfaces/share/robotic_sol_interfaces/cmake/export_robotic_sol_interfaces__rosidl_generator_cExport.cmake
[0.476s] -- Up-to-date: /home/ros22/machina/install/robotic_sol_interfaces/share/robotic_sol_interfaces/cmake/export_robotic_sol_interfaces__rosidl_generator_cExport-noconfig.cmake
[0.476s] -- Up-to-date: /home/ros22/machina/install/robotic_sol_interfaces/share/robotic_sol_interfaces/cmake/export_robotic_sol_interfaces__rosidl_typesupport_fastrtps_cExport.cmake
[0.477s] -- Up-to-date: /home/ros22/machina/install/robotic_sol_interfaces/share/robotic_sol_interfaces/cmake/export_robotic_sol_interfaces__rosidl_typesupport_fastrtps_cExport-noconfig.cmake
[0.477s] -- Up-to-date: /home/ros22/machina/install/robotic_sol_interfaces/share/robotic_sol_interfaces/cmake/robotic_sol_interfaces__rosidl_typesupport_introspection_cExport.cmake
[0.477s] -- Up-to-date: /home/ros22/machina/install/robotic_sol_interfaces/share/robotic_sol_interfaces/cmake/robotic_sol_interfaces__rosidl_typesupport_introspection_cExport-noconfig.cmake
[0.477s] -- Up-to-date: /home/ros22/machina/install/robotic_sol_interfaces/share/robotic_sol_interfaces/cmake/robotic_sol_interfaces__rosidl_typesupport_cExport.cmake
[0.477s] -- Up-to-date: /home/ros22/machina/install/robotic_sol_interfaces/share/robotic_sol_interfaces/cmake/robotic_sol_interfaces__rosidl_typesupport_cExport-noconfig.cmake
[0.477s] -- Up-to-date: /home/ros22/machina/install/robotic_sol_interfaces/share/robotic_sol_interfaces/cmake/export_robotic_sol_interfaces__rosidl_generator_cppExport.cmake
[0.477s] -- Up-to-date: /home/ros22/machina/install/robotic_sol_interfaces/share/robotic_sol_interfaces/cmake/export_robotic_sol_interfaces__rosidl_typesupport_fastrtps_cppExport.cmake
[0.477s] -- Up-to-date: /home/ros22/machina/install/robotic_sol_interfaces/share/robotic_sol_interfaces/cmake/export_robotic_sol_interfaces__rosidl_typesupport_fastrtps_cppExport-noconfig.cmake
[0.478s] -- Up-to-date: /home/ros22/machina/install/robotic_sol_interfaces/share/robotic_sol_interfaces/cmake/robotic_sol_interfaces__rosidl_typesupport_introspection_cppExport.cmake
[0.478s] -- Up-to-date: /home/ros22/machina/install/robotic_sol_interfaces/share/robotic_sol_interfaces/cmake/robotic_sol_interfaces__rosidl_typesupport_introspection_cppExport-noconfig.cmake
[0.478s] -- Up-to-date: /home/ros22/machina/install/robotic_sol_interfaces/share/robotic_sol_interfaces/cmake/robotic_sol_interfaces__rosidl_typesupport_cppExport.cmake
[0.478s] -- Up-to-date: /home/ros22/machina/install/robotic_sol_interfaces/share/robotic_sol_interfaces/cmake/robotic_sol_interfaces__rosidl_typesupport_cppExport-noconfig.cmake
[0.478s] -- Up-to-date: /home/ros22/machina/install/robotic_sol_interfaces/share/robotic_sol_interfaces/cmake/export_robotic_sol_interfaces__rosidl_generator_pyExport.cmake
[0.478s] -- Up-to-date: /home/ros22/machina/install/robotic_sol_interfaces/share/robotic_sol_interfaces/cmake/export_robotic_sol_interfaces__rosidl_generator_pyExport-noconfig.cmake
[0.479s] Invoked command in '/home/ros22/machina/build/robotic_sol_interfaces' returned '0': CMAKE_PREFIX_PATH=${CMAKE_PREFIX_PATH}:/home/ros22/machina/install/robotic_sol:/opt/ros/humble /usr/bin/cmake --install /home/ros22/machina/build/robotic_sol_interfaces
