[0.092s] DEBUG:colcon:Command line arguments: ['/usr/bin/colcon', 'build', '--symlink-install']
[0.092s] DEBUG:colcon:Parsed command line arguments: Namespace(log_base=None, log_level=None, verb_name='build', build_base='build', install_base='install', merge_install=False, symlink_install=True, test_result_base=None, continue_on_error=False, executor='parallel', parallel_workers=16, event_handlers=None, ignore_user_meta=False, metas=['./colcon.meta'], base_paths=['.'], packages_ignore=None, packages_ignore_regex=None, paths=None, packages_up_to=None, packages_up_to_regex=None, packages_above=None, packages_above_and_dependencies=None, packages_above_depth=None, packages_select_by_dep=None, packages_skip_by_dep=None, packages_skip_up_to=None, packages_select_build_failed=False, packages_skip_build_finished=False, packages_select_test_failures=False, packages_skip_test_passed=False, packages_select=None, packages_skip=None, packages_select_regex=None, packages_skip_regex=None, packages_start=None, packages_end=None, allow_overriding=[], cmake_args=None, cmake_target=None, cmake_target_skip_unavailable=False, cmake_clean_cache=False, cmake_clean_first=False, cmake_force_configure=False, ament_cmake_args=None, catkin_cmake_args=None, catkin_skip_building_tests=False, verb_parser=<colcon_defaults.argument_parser.defaults.DefaultArgumentsDecorator object at 0x7fc1a17076a0>, verb_extension=<colcon_core.verb.build.BuildVerb object at 0x7fc1a1707190>, main=<bound method BuildVerb.main of <colcon_core.verb.build.BuildVerb object at 0x7fc1a1707190>>)
[0.203s] Level 1:colcon.colcon_core.package_discovery:discover_packages(colcon_meta) check parameters
[0.203s] Level 1:colcon.colcon_core.package_discovery:discover_packages(recursive) check parameters
[0.203s] Level 1:colcon.colcon_core.package_discovery:discover_packages(ignore) check parameters
[0.203s] Level 1:colcon.colcon_core.package_discovery:discover_packages(path) check parameters
[0.203s] Level 1:colcon.colcon_core.package_discovery:discover_packages(colcon_meta) discover
[0.203s] Level 1:colcon.colcon_core.package_discovery:discover_packages(recursive) discover
[0.203s] INFO:colcon.colcon_core.package_discovery:Crawling recursively for packages in '/home/ros22/machina'
[0.203s] Level 1:colcon.colcon_core.package_identification:_identify(.) by extensions ['ignore', 'ignore_ament_install']
[0.204s] Level 1:colcon.colcon_core.package_identification:_identify(.) by extension 'ignore'
[0.204s] Level 1:colcon.colcon_core.package_identification:_identify(.) by extension 'ignore_ament_install'
[0.204s] Level 1:colcon.colcon_core.package_identification:_identify(.) by extensions ['colcon_pkg']
[0.204s] Level 1:colcon.colcon_core.package_identification:_identify(.) by extension 'colcon_pkg'
[0.204s] Level 1:colcon.colcon_core.package_identification:_identify(.) by extensions ['colcon_meta']
[0.204s] Level 1:colcon.colcon_core.package_identification:_identify(.) by extension 'colcon_meta'
[0.204s] Level 1:colcon.colcon_core.package_identification:_identify(.) by extensions ['ros']
[0.204s] Level 1:colcon.colcon_core.package_identification:_identify(.) by extension 'ros'
[0.211s] Level 1:colcon.colcon_core.package_identification:_identify(.) by extensions ['cmake', 'python']
[0.211s] Level 1:colcon.colcon_core.package_identification:_identify(.) by extension 'cmake'
[0.211s] Level 1:colcon.colcon_core.package_identification:_identify(.) by extension 'python'
[0.211s] Level 1:colcon.colcon_core.package_identification:_identify(.) by extensions ['python_setup_py']
[0.211s] Level 1:colcon.colcon_core.package_identification:_identify(.) by extension 'python_setup_py'
[0.211s] Level 1:colcon.colcon_core.package_identification:_identify(build) by extensions ['ignore', 'ignore_ament_install']
[0.211s] Level 1:colcon.colcon_core.package_identification:_identify(build) by extension 'ignore'
[0.211s] Level 1:colcon.colcon_core.package_identification:_identify(build) ignored
[0.211s] Level 1:colcon.colcon_core.package_identification:_identify(install) by extensions ['ignore', 'ignore_ament_install']
[0.212s] Level 1:colcon.colcon_core.package_identification:_identify(install) by extension 'ignore'
[0.212s] Level 1:colcon.colcon_core.package_identification:_identify(install) ignored
[0.212s] Level 1:colcon.colcon_core.package_identification:_identify(log) by extensions ['ignore', 'ignore_ament_install']
[0.212s] Level 1:colcon.colcon_core.package_identification:_identify(log) by extension 'ignore'
[0.212s] Level 1:colcon.colcon_core.package_identification:_identify(log) ignored
[0.212s] Level 1:colcon.colcon_core.package_identification:_identify(src) by extensions ['ignore', 'ignore_ament_install']
[0.212s] Level 1:colcon.colcon_core.package_identification:_identify(src) by extension 'ignore'
[0.212s] Level 1:colcon.colcon_core.package_identification:_identify(src) by extension 'ignore_ament_install'
[0.212s] Level 1:colcon.colcon_core.package_identification:_identify(src) by extensions ['colcon_pkg']
[0.212s] Level 1:colcon.colcon_core.package_identification:_identify(src) by extension 'colcon_pkg'
[0.212s] Level 1:colcon.colcon_core.package_identification:_identify(src) by extensions ['colcon_meta']
[0.212s] Level 1:colcon.colcon_core.package_identification:_identify(src) by extension 'colcon_meta'
[0.212s] Level 1:colcon.colcon_core.package_identification:_identify(src) by extensions ['ros']
[0.212s] Level 1:colcon.colcon_core.package_identification:_identify(src) by extension 'ros'
[0.212s] Level 1:colcon.colcon_core.package_identification:_identify(src) by extensions ['cmake', 'python']
[0.212s] Level 1:colcon.colcon_core.package_identification:_identify(src) by extension 'cmake'
[0.212s] Level 1:colcon.colcon_core.package_identification:_identify(src) by extension 'python'
[0.212s] Level 1:colcon.colcon_core.package_identification:_identify(src) by extensions ['python_setup_py']
[0.212s] Level 1:colcon.colcon_core.package_identification:_identify(src) by extension 'python_setup_py'
[0.212s] Level 1:colcon.colcon_core.package_identification:_identify(src/robotic_sol) by extensions ['ignore', 'ignore_ament_install']
[0.213s] Level 1:colcon.colcon_core.package_identification:_identify(src/robotic_sol) by extension 'ignore'
[0.213s] Level 1:colcon.colcon_core.package_identification:_identify(src/robotic_sol) by extension 'ignore_ament_install'
[0.213s] Level 1:colcon.colcon_core.package_identification:_identify(src/robotic_sol) by extensions ['colcon_pkg']
[0.213s] Level 1:colcon.colcon_core.package_identification:_identify(src/robotic_sol) by extension 'colcon_pkg'
[0.213s] Level 1:colcon.colcon_core.package_identification:_identify(src/robotic_sol) by extensions ['colcon_meta']
[0.213s] Level 1:colcon.colcon_core.package_identification:_identify(src/robotic_sol) by extension 'colcon_meta'
[0.213s] Level 1:colcon.colcon_core.package_identification:_identify(src/robotic_sol) by extensions ['ros']
[0.213s] Level 1:colcon.colcon_core.package_identification:_identify(src/robotic_sol) by extension 'ros'
[0.214s] DEBUG:colcon.colcon_core.package_identification:Package 'src/robotic_sol' with type 'ros.ament_python' and name 'robotic_sol'
[0.214s] Level 1:colcon.colcon_core.package_identification:_identify(src/robotic_sol_interfaces) by extensions ['ignore', 'ignore_ament_install']
[0.215s] Level 1:colcon.colcon_core.package_identification:_identify(src/robotic_sol_interfaces) by extension 'ignore'
[0.215s] Level 1:colcon.colcon_core.package_identification:_identify(src/robotic_sol_interfaces) by extension 'ignore_ament_install'
[0.215s] Level 1:colcon.colcon_core.package_identification:_identify(src/robotic_sol_interfaces) by extensions ['colcon_pkg']
[0.215s] Level 1:colcon.colcon_core.package_identification:_identify(src/robotic_sol_interfaces) by extension 'colcon_pkg'
[0.215s] Level 1:colcon.colcon_core.package_identification:_identify(src/robotic_sol_interfaces) by extensions ['colcon_meta']
[0.215s] Level 1:colcon.colcon_core.package_identification:_identify(src/robotic_sol_interfaces) by extension 'colcon_meta'
[0.215s] Level 1:colcon.colcon_core.package_identification:_identify(src/robotic_sol_interfaces) by extensions ['ros']
[0.215s] Level 1:colcon.colcon_core.package_identification:_identify(src/robotic_sol_interfaces) by extension 'ros'
[0.215s] DEBUG:colcon.colcon_core.package_identification:Package 'src/robotic_sol_interfaces' with type 'ros.ament_cmake' and name 'robotic_sol_interfaces'
[0.215s] Level 1:colcon.colcon_core.package_discovery:discover_packages(recursive) using defaults
[0.215s] Level 1:colcon.colcon_core.package_discovery:discover_packages(ignore) discover
[0.215s] Level 1:colcon.colcon_core.package_discovery:discover_packages(ignore) using defaults
[0.215s] Level 1:colcon.colcon_core.package_discovery:discover_packages(path) discover
[0.215s] Level 1:colcon.colcon_core.package_discovery:discover_packages(path) using defaults
[0.236s] Level 1:colcon.colcon_core.package_discovery:discover_packages(prefix_path) check parameters
[0.237s] Level 1:colcon.colcon_core.package_discovery:discover_packages(prefix_path) discover
[0.238s] DEBUG:colcon.colcon_installed_package_information.package_discovery:Found 2 installed packages in /home/ros22/machina/install
[0.239s] DEBUG:colcon.colcon_installed_package_information.package_discovery:Found 270 installed packages in /opt/ros/humble
[0.240s] Level 1:colcon.colcon_core.package_discovery:discover_packages(prefix_path) using defaults
[0.262s] Level 5:colcon.colcon_core.verb:set package 'robotic_sol' build argument 'cmake_args' from command line to 'None'
[0.263s] Level 5:colcon.colcon_core.verb:set package 'robotic_sol' build argument 'cmake_target' from command line to 'None'
[0.263s] Level 5:colcon.colcon_core.verb:set package 'robotic_sol' build argument 'cmake_target_skip_unavailable' from command line to 'False'
[0.263s] Level 5:colcon.colcon_core.verb:set package 'robotic_sol' build argument 'cmake_clean_cache' from command line to 'False'
[0.263s] Level 5:colcon.colcon_core.verb:set package 'robotic_sol' build argument 'cmake_clean_first' from command line to 'False'
[0.263s] Level 5:colcon.colcon_core.verb:set package 'robotic_sol' build argument 'cmake_force_configure' from command line to 'False'
[0.263s] Level 5:colcon.colcon_core.verb:set package 'robotic_sol' build argument 'ament_cmake_args' from command line to 'None'
[0.263s] Level 5:colcon.colcon_core.verb:set package 'robotic_sol' build argument 'catkin_cmake_args' from command line to 'None'
[0.263s] Level 5:colcon.colcon_core.verb:set package 'robotic_sol' build argument 'catkin_skip_building_tests' from command line to 'False'
[0.263s] DEBUG:colcon.colcon_core.verb:Building package 'robotic_sol' with the following arguments: {'ament_cmake_args': None, 'build_base': '/home/ros22/machina/build/robotic_sol', 'catkin_cmake_args': None, 'catkin_skip_building_tests': False, 'cmake_args': None, 'cmake_clean_cache': False, 'cmake_clean_first': False, 'cmake_force_configure': False, 'cmake_target': None, 'cmake_target_skip_unavailable': False, 'install_base': '/home/ros22/machina/install/robotic_sol', 'merge_install': False, 'path': '/home/ros22/machina/src/robotic_sol', 'symlink_install': True, 'test_result_base': None}
[0.263s] Level 5:colcon.colcon_core.verb:set package 'robotic_sol_interfaces' build argument 'cmake_args' from command line to 'None'
[0.263s] Level 5:colcon.colcon_core.verb:set package 'robotic_sol_interfaces' build argument 'cmake_target' from command line to 'None'
[0.263s] Level 5:colcon.colcon_core.verb:set package 'robotic_sol_interfaces' build argument 'cmake_target_skip_unavailable' from command line to 'False'
[0.263s] Level 5:colcon.colcon_core.verb:set package 'robotic_sol_interfaces' build argument 'cmake_clean_cache' from command line to 'False'
[0.263s] Level 5:colcon.colcon_core.verb:set package 'robotic_sol_interfaces' build argument 'cmake_clean_first' from command line to 'False'
[0.263s] Level 5:colcon.colcon_core.verb:set package 'robotic_sol_interfaces' build argument 'cmake_force_configure' from command line to 'False'
[0.263s] Level 5:colcon.colcon_core.verb:set package 'robotic_sol_interfaces' build argument 'ament_cmake_args' from command line to 'None'
[0.263s] Level 5:colcon.colcon_core.verb:set package 'robotic_sol_interfaces' build argument 'catkin_cmake_args' from command line to 'None'
[0.263s] Level 5:colcon.colcon_core.verb:set package 'robotic_sol_interfaces' build argument 'catkin_skip_building_tests' from command line to 'False'
[0.263s] DEBUG:colcon.colcon_core.verb:Building package 'robotic_sol_interfaces' with the following arguments: {'ament_cmake_args': None, 'build_base': '/home/ros22/machina/build/robotic_sol_interfaces', 'catkin_cmake_args': None, 'catkin_skip_building_tests': False, 'cmake_args': None, 'cmake_clean_cache': False, 'cmake_clean_first': False, 'cmake_force_configure': False, 'cmake_target': None, 'cmake_target_skip_unavailable': False, 'install_base': '/home/ros22/machina/install/robotic_sol_interfaces', 'merge_install': False, 'path': '/home/ros22/machina/src/robotic_sol_interfaces', 'symlink_install': True, 'test_result_base': None}
[0.263s] INFO:colcon.colcon_core.executor:Executing jobs using 'parallel' executor
[0.264s] DEBUG:colcon.colcon_parallel_executor.executor.parallel:run_until_complete
[0.264s] INFO:colcon.colcon_ros.task.ament_python.build:Building ROS package in '/home/ros22/machina/src/robotic_sol' with build type 'ament_python'
[0.265s] Level 1:colcon.colcon_core.shell:create_environment_hook('robotic_sol', 'ament_prefix_path')
[0.266s] INFO:colcon.colcon_core.plugin_system:Skipping extension 'colcon_core.shell.bat': Not used on non-Windows systems
[0.267s] INFO:colcon.colcon_core.shell:Creating environment hook '/home/ros22/machina/install/robotic_sol/share/robotic_sol/hook/ament_prefix_path.ps1'
[0.267s] INFO:colcon.colcon_core.shell:Creating environment descriptor '/home/ros22/machina/install/robotic_sol/share/robotic_sol/hook/ament_prefix_path.dsv'
[0.267s] INFO:colcon.colcon_core.shell:Creating environment hook '/home/ros22/machina/install/robotic_sol/share/robotic_sol/hook/ament_prefix_path.sh'
[0.268s] INFO:colcon.colcon_core.shell:Skip shell extension 'powershell' for command environment: Not usable outside of PowerShell
[0.268s] DEBUG:colcon.colcon_core.shell:Skip shell extension 'dsv' for command environment
[0.270s] INFO:colcon.colcon_ros.task.ament_cmake.build:Building ROS package in '/home/ros22/machina/src/robotic_sol_interfaces' with build type 'ament_cmake'
[0.271s] INFO:colcon.colcon_cmake.task.cmake.build:Building CMake package in '/home/ros22/machina/src/robotic_sol_interfaces'
[0.271s] INFO:colcon.colcon_core.shell:Skip shell extension 'powershell' for command environment: Not usable outside of PowerShell
[0.271s] DEBUG:colcon.colcon_core.shell:Skip shell extension 'dsv' for command environment
[0.434s] INFO:colcon.colcon_core.task.python.build:Building Python package in '/home/ros22/machina/src/robotic_sol'
[0.434s] INFO:colcon.colcon_core.shell:Skip shell extension 'powershell' for command environment: Not usable outside of PowerShell
[0.435s] DEBUG:colcon.colcon_core.shell:Skip shell extension 'dsv' for command environment
[0.442s] DEBUG:colcon.colcon_core.event_handler.log_command:Invoking command in '/home/ros22/machina/build/robotic_sol_interfaces': CMAKE_PREFIX_PATH=${CMAKE_PREFIX_PATH}:/home/ros22/machina/install/robotic_sol:/opt/ros/humble /usr/bin/cmake --build /home/ros22/machina/build/robotic_sol_interfaces -- -j16 -l16
[0.670s] DEBUG:colcon.colcon_core.event_handler.log_command:Invoking command in '/home/ros22/machina/build/robotic_sol': PYTHONPATH=/home/ros22/machina/build/robotic_sol/prefix_override:/home/ros22/machina/install/robotic_sol/lib/python3.10/site-packages:${PYTHONPATH} /usr/bin/python3 -W ignore:setup.py install is deprecated setup.py develop --editable --build-directory /home/ros22/machina/build/robotic_sol/build --no-deps symlink_data
[0.670s] DEBUG:colcon.colcon_core.event_handler.log_command:Invoked command in '/home/ros22/machina/build/robotic_sol_interfaces' returned '0': CMAKE_PREFIX_PATH=${CMAKE_PREFIX_PATH}:/home/ros22/machina/install/robotic_sol:/opt/ros/humble /usr/bin/cmake --build /home/ros22/machina/build/robotic_sol_interfaces -- -j16 -l16
[0.704s] DEBUG:colcon.colcon_core.event_handler.log_command:Invoking command in '/home/ros22/machina/build/robotic_sol_interfaces': CMAKE_PREFIX_PATH=${CMAKE_PREFIX_PATH}:/home/ros22/machina/install/robotic_sol:/opt/ros/humble /usr/bin/cmake --install /home/ros22/machina/build/robotic_sol_interfaces
[0.749s] Level 1:colcon.colcon_core.environment:create_environment_scripts_only(robotic_sol_interfaces)
[0.750s] DEBUG:colcon.colcon_core.event_handler.log_command:Invoked command in '/home/ros22/machina/build/robotic_sol_interfaces' returned '0': CMAKE_PREFIX_PATH=${CMAKE_PREFIX_PATH}:/home/ros22/machina/install/robotic_sol:/opt/ros/humble /usr/bin/cmake --install /home/ros22/machina/build/robotic_sol_interfaces
[0.752s] Level 1:colcon.colcon_core.environment:checking '/home/ros22/machina/install/robotic_sol_interfaces' for CMake module files
[0.752s] Level 1:colcon.colcon_core.environment:checking '/home/ros22/machina/install/robotic_sol_interfaces' for CMake config files
[0.752s] Level 1:colcon.colcon_core.shell:create_environment_hook('robotic_sol_interfaces', 'cmake_prefix_path')
[0.753s] INFO:colcon.colcon_core.shell:Creating environment hook '/home/ros22/machina/install/robotic_sol_interfaces/share/robotic_sol_interfaces/hook/cmake_prefix_path.ps1'
[0.753s] INFO:colcon.colcon_core.shell:Creating environment descriptor '/home/ros22/machina/install/robotic_sol_interfaces/share/robotic_sol_interfaces/hook/cmake_prefix_path.dsv'
[0.753s] INFO:colcon.colcon_core.shell:Creating environment hook '/home/ros22/machina/install/robotic_sol_interfaces/share/robotic_sol_interfaces/hook/cmake_prefix_path.sh'
[0.754s] Level 1:colcon.colcon_core.environment:checking '/home/ros22/machina/install/robotic_sol_interfaces/lib'
[0.754s] Level 1:colcon.colcon_core.shell:create_environment_hook('robotic_sol_interfaces', 'ld_library_path_lib')
[0.754s] INFO:colcon.colcon_core.shell:Creating environment hook '/home/ros22/machina/install/robotic_sol_interfaces/share/robotic_sol_interfaces/hook/ld_library_path_lib.ps1'
[0.754s] INFO:colcon.colcon_core.shell:Creating environment descriptor '/home/ros22/machina/install/robotic_sol_interfaces/share/robotic_sol_interfaces/hook/ld_library_path_lib.dsv'
[0.754s] INFO:colcon.colcon_core.shell:Creating environment hook '/home/ros22/machina/install/robotic_sol_interfaces/share/robotic_sol_interfaces/hook/ld_library_path_lib.sh'
[0.755s] Level 1:colcon.colcon_core.environment:checking '/home/ros22/machina/install/robotic_sol_interfaces/bin'
[0.755s] Level 1:colcon.colcon_core.environment:checking '/home/ros22/machina/install/robotic_sol_interfaces/lib/pkgconfig/robotic_sol_interfaces.pc'
[0.755s] Level 1:colcon.colcon_core.environment:checking '/home/ros22/machina/install/robotic_sol_interfaces/lib/python3.10/site-packages'
[0.755s] Level 1:colcon.colcon_core.environment:checking '/home/ros22/machina/install/robotic_sol_interfaces/bin'
[0.755s] INFO:colcon.colcon_core.shell:Creating package script '/home/ros22/machina/install/robotic_sol_interfaces/share/robotic_sol_interfaces/package.ps1'
[0.756s] INFO:colcon.colcon_core.shell:Creating package descriptor '/home/ros22/machina/install/robotic_sol_interfaces/share/robotic_sol_interfaces/package.dsv'
[0.756s] INFO:colcon.colcon_core.shell:Creating package script '/home/ros22/machina/install/robotic_sol_interfaces/share/robotic_sol_interfaces/package.sh'
[0.757s] INFO:colcon.colcon_core.shell:Creating package script '/home/ros22/machina/install/robotic_sol_interfaces/share/robotic_sol_interfaces/package.bash'
[0.757s] INFO:colcon.colcon_core.shell:Creating package script '/home/ros22/machina/install/robotic_sol_interfaces/share/robotic_sol_interfaces/package.zsh'
[0.758s] Level 1:colcon.colcon_core.environment:create_file_with_runtime_dependencies(/home/ros22/machina/install/robotic_sol_interfaces/share/colcon-core/packages/robotic_sol_interfaces)
[0.786s] Level 1:colcon.colcon_core.environment:create_environment_scripts_only(robotic_sol_interfaces)
[0.787s] Level 1:colcon.colcon_core.environment:checking '/home/ros22/machina/install/robotic_sol_interfaces' for CMake module files
[0.787s] Level 1:colcon.colcon_core.environment:checking '/home/ros22/machina/install/robotic_sol_interfaces' for CMake config files
[0.787s] Level 1:colcon.colcon_core.shell:create_environment_hook('robotic_sol_interfaces', 'cmake_prefix_path')
[0.788s] INFO:colcon.colcon_core.shell:Creating environment hook '/home/ros22/machina/install/robotic_sol_interfaces/share/robotic_sol_interfaces/hook/cmake_prefix_path.ps1'
[0.788s] INFO:colcon.colcon_core.shell:Creating environment descriptor '/home/ros22/machina/install/robotic_sol_interfaces/share/robotic_sol_interfaces/hook/cmake_prefix_path.dsv'
[0.788s] INFO:colcon.colcon_core.shell:Creating environment hook '/home/ros22/machina/install/robotic_sol_interfaces/share/robotic_sol_interfaces/hook/cmake_prefix_path.sh'
[0.789s] Level 1:colcon.colcon_core.environment:checking '/home/ros22/machina/install/robotic_sol_interfaces/lib'
[0.789s] Level 1:colcon.colcon_core.shell:create_environment_hook('robotic_sol_interfaces', 'ld_library_path_lib')
[0.789s] INFO:colcon.colcon_core.shell:Creating environment hook '/home/ros22/machina/install/robotic_sol_interfaces/share/robotic_sol_interfaces/hook/ld_library_path_lib.ps1'
[0.789s] INFO:colcon.colcon_core.shell:Creating environment descriptor '/home/ros22/machina/install/robotic_sol_interfaces/share/robotic_sol_interfaces/hook/ld_library_path_lib.dsv'
[0.789s] INFO:colcon.colcon_core.shell:Creating environment hook '/home/ros22/machina/install/robotic_sol_interfaces/share/robotic_sol_interfaces/hook/ld_library_path_lib.sh'
[0.789s] Level 1:colcon.colcon_core.environment:checking '/home/ros22/machina/install/robotic_sol_interfaces/bin'
[0.789s] Level 1:colcon.colcon_core.environment:checking '/home/ros22/machina/install/robotic_sol_interfaces/lib/pkgconfig/robotic_sol_interfaces.pc'
[0.790s] Level 1:colcon.colcon_core.environment:checking '/home/ros22/machina/install/robotic_sol_interfaces/lib/python3.10/site-packages'
[0.790s] Level 1:colcon.colcon_core.environment:checking '/home/ros22/machina/install/robotic_sol_interfaces/bin'
[0.790s] INFO:colcon.colcon_core.shell:Creating package script '/home/ros22/machina/install/robotic_sol_interfaces/share/robotic_sol_interfaces/package.ps1'
[0.790s] INFO:colcon.colcon_core.shell:Creating package descriptor '/home/ros22/machina/install/robotic_sol_interfaces/share/robotic_sol_interfaces/package.dsv'
[0.791s] INFO:colcon.colcon_core.shell:Creating package script '/home/ros22/machina/install/robotic_sol_interfaces/share/robotic_sol_interfaces/package.sh'
[0.791s] INFO:colcon.colcon_core.shell:Creating package script '/home/ros22/machina/install/robotic_sol_interfaces/share/robotic_sol_interfaces/package.bash'
[0.791s] INFO:colcon.colcon_core.shell:Creating package script '/home/ros22/machina/install/robotic_sol_interfaces/share/robotic_sol_interfaces/package.zsh'
[0.792s] Level 1:colcon.colcon_core.environment:create_file_with_runtime_dependencies(/home/ros22/machina/install/robotic_sol_interfaces/share/colcon-core/packages/robotic_sol_interfaces)
[0.973s] Level 1:colcon.colcon_core.shell:create_environment_hook('robotic_sol', 'pythonpath_develop')
[0.974s] INFO:colcon.colcon_core.shell:Creating environment hook '/home/ros22/machina/build/robotic_sol/share/robotic_sol/hook/pythonpath_develop.ps1'
[0.974s] DEBUG:colcon.colcon_core.event_handler.log_command:Invoked command in '/home/ros22/machina/build/robotic_sol' returned '0': PYTHONPATH=/home/ros22/machina/build/robotic_sol/prefix_override:/home/ros22/machina/install/robotic_sol/lib/python3.10/site-packages:${PYTHONPATH} /usr/bin/python3 -W ignore:setup.py install is deprecated setup.py develop --editable --build-directory /home/ros22/machina/build/robotic_sol/build --no-deps symlink_data
[0.975s] INFO:colcon.colcon_core.shell:Creating environment descriptor '/home/ros22/machina/build/robotic_sol/share/robotic_sol/hook/pythonpath_develop.dsv'
[0.975s] INFO:colcon.colcon_core.shell:Creating environment hook '/home/ros22/machina/build/robotic_sol/share/robotic_sol/hook/pythonpath_develop.sh'
[0.975s] Level 1:colcon.colcon_core.environment:checking '/home/ros22/machina/install/robotic_sol' for CMake module files
[0.976s] Level 1:colcon.colcon_core.environment:checking '/home/ros22/machina/install/robotic_sol' for CMake config files
[0.976s] Level 1:colcon.colcon_core.environment:checking '/home/ros22/machina/install/robotic_sol/lib'
[0.976s] Level 1:colcon.colcon_core.environment:checking '/home/ros22/machina/install/robotic_sol/bin'
[0.976s] Level 1:colcon.colcon_core.environment:checking '/home/ros22/machina/install/robotic_sol/lib/pkgconfig/robotic_sol.pc'
[0.976s] Level 1:colcon.colcon_core.environment:checking '/home/ros22/machina/install/robotic_sol/lib/python3.10/site-packages'
[0.976s] Level 1:colcon.colcon_core.shell:create_environment_hook('robotic_sol', 'pythonpath')
[0.976s] INFO:colcon.colcon_core.shell:Creating environment hook '/home/ros22/machina/install/robotic_sol/share/robotic_sol/hook/pythonpath.ps1'
[0.977s] INFO:colcon.colcon_core.shell:Creating environment descriptor '/home/ros22/machina/install/robotic_sol/share/robotic_sol/hook/pythonpath.dsv'
[0.977s] INFO:colcon.colcon_core.shell:Creating environment hook '/home/ros22/machina/install/robotic_sol/share/robotic_sol/hook/pythonpath.sh'
[0.977s] Level 1:colcon.colcon_core.environment:checking '/home/ros22/machina/install/robotic_sol/bin'
[0.977s] Level 1:colcon.colcon_core.environment:create_environment_scripts_only(robotic_sol)
[0.977s] INFO:colcon.colcon_core.shell:Creating package script '/home/ros22/machina/install/robotic_sol/share/robotic_sol/package.ps1'
[0.978s] INFO:colcon.colcon_core.shell:Creating package descriptor '/home/ros22/machina/install/robotic_sol/share/robotic_sol/package.dsv'
[0.978s] INFO:colcon.colcon_core.shell:Creating package script '/home/ros22/machina/install/robotic_sol/share/robotic_sol/package.sh'
[0.978s] INFO:colcon.colcon_core.shell:Creating package script '/home/ros22/machina/install/robotic_sol/share/robotic_sol/package.bash'
[0.979s] INFO:colcon.colcon_core.shell:Creating package script '/home/ros22/machina/install/robotic_sol/share/robotic_sol/package.zsh'
[0.979s] Level 1:colcon.colcon_core.environment:create_file_with_runtime_dependencies(/home/ros22/machina/install/robotic_sol/share/colcon-core/packages/robotic_sol)
[0.979s] DEBUG:colcon.colcon_parallel_executor.executor.parallel:closing loop
[0.979s] DEBUG:colcon.colcon_parallel_executor.executor.parallel:loop closed
[0.979s] DEBUG:colcon.colcon_parallel_executor.executor.parallel:run_until_complete finished with '0'
[0.980s] DEBUG:colcon.colcon_core.event_reactor:joining thread
[0.995s] INFO:colcon.colcon_core.plugin_system:Skipping extension 'colcon_notification.desktop_notification.notify_send': Could not find 'notify-send'
[0.995s] INFO:colcon.colcon_core.plugin_system:Skipping extension 'colcon_notification.desktop_notification.terminal_notifier': Not used on non-Darwin systems
[0.995s] INFO:colcon.colcon_core.plugin_system:Skipping extension 'colcon_notification.desktop_notification.win32': Not used on non-Windows systems
[0.995s] INFO:colcon.colcon_notification.desktop_notification:Sending desktop notification using 'notify2'
[0.996s] DEBUG:colcon.colcon_notification.desktop_notification.notify2:Failed to initialize notify2: org.freedesktop.DBus.Error.ServiceUnknown: The name org.freedesktop.Notifications was not provided by any .service files
[0.996s] DEBUG:colcon.colcon_core.event_reactor:joined thread
[0.996s] INFO:colcon.colcon_core.shell:Creating prefix script '/home/ros22/machina/install/local_setup.ps1'
[0.997s] INFO:colcon.colcon_core.shell:Creating prefix util module '/home/ros22/machina/install/_local_setup_util_ps1.py'
[0.998s] INFO:colcon.colcon_core.shell:Creating prefix chain script '/home/ros22/machina/install/setup.ps1'
[0.998s] INFO:colcon.colcon_core.shell:Creating prefix script '/home/ros22/machina/install/local_setup.sh'
[0.999s] INFO:colcon.colcon_core.shell:Creating prefix util module '/home/ros22/machina/install/_local_setup_util_sh.py'
[0.999s] INFO:colcon.colcon_core.shell:Creating prefix chain script '/home/ros22/machina/install/setup.sh'
[1.000s] INFO:colcon.colcon_core.shell:Creating prefix script '/home/ros22/machina/install/local_setup.bash'
[1.000s] INFO:colcon.colcon_core.shell:Creating prefix chain script '/home/ros22/machina/install/setup.bash'
[1.001s] INFO:colcon.colcon_core.shell:Creating prefix script '/home/ros22/machina/install/local_setup.zsh'
[1.001s] INFO:colcon.colcon_core.shell:Creating prefix chain script '/home/ros22/machina/install/setup.zsh'
