[0.205s] Invoking command in '/home/ros22/machina/build/robotic_sol_interfaces': CMAKE_PREFIX_PATH=${CMAKE_PREFIX_PATH}:/home/ros22/machina/install/robotic_sol:/opt/ros/humble /usr/bin/cmake --build /home/ros22/machina/build/robotic_sol_interfaces -- -j16 -l16
[0.243s] [  9%] Built target robotic_sol_interfaces__cpp
[0.243s] [ 12%] Built target robotic_sol_interfaces__rosidl_generator_c
[0.251s] [ 12%] Built target ament_cmake_python_symlink_robotic_sol_interfaces
[0.261s] [ 70%] Built target robotic_sol_interfaces__rosidl_typesupport_fastrtps_c
[0.261s] [ 70%] Built target robotic_sol_interfaces__rosidl_typesupport_introspection_c
[0.261s] [ 70%] Built target robotic_sol_interfaces__rosidl_typesupport_introspection_cpp
[0.261s] [ 70%] Built target robotic_sol_interfaces__rosidl_typesupport_c
[0.261s] [ 70%] Built target robotic_sol_interfaces__rosidl_typesupport_cpp
[0.261s] [ 70%] Built target robotic_sol_interfaces__rosidl_typesupport_fastrtps_cpp
[0.275s] [ 70%] Built target robotic_sol_interfaces
[0.291s] [ 74%] Built target robotic_sol_interfaces__py
[0.309s] [ 80%] Built target robotic_sol_interfaces__rosidl_generator_py
[0.329s] [100%] Built target robotic_sol_interfaces__rosidl_typesupport_introspection_c__pyext
[0.329s] [100%] Built target robotic_sol_interfaces__rosidl_typesupport_fastrtps_c__pyext
[0.330s] [100%] Built target robotic_sol_interfaces__rosidl_typesupport_c__pyext
[0.466s] running egg_info
[0.467s] writing robotic_sol_interfaces.egg-info/PKG-INFO
[0.467s] writing dependency_links to robotic_sol_interfaces.egg-info/dependency_links.txt
[0.468s] writing top-level names to robotic_sol_interfaces.egg-info/top_level.txt
[0.470s] reading manifest file 'robotic_sol_interfaces.egg-info/SOURCES.txt'
[0.471s] writing manifest file 'robotic_sol_interfaces.egg-info/SOURCES.txt'
[0.525s] [100%] Built target ament_cmake_python_build_robotic_sol_interfaces_egg
[0.536s] Invoked command in '/home/ros22/machina/build/robotic_sol_interfaces' returned '0': CMAKE_PREFIX_PATH=${CMAKE_PREFIX_PATH}:/home/ros22/machina/install/robotic_sol:/opt/ros/humble /usr/bin/cmake --build /home/ros22/machina/build/robotic_sol_interfaces -- -j16 -l16
[0.589s] Invoking command in '/home/ros22/machina/build/robotic_sol_interfaces': CMAKE_PREFIX_PATH=${CMAKE_PREFIX_PATH}:/home/ros22/machina/install/robotic_sol:/opt/ros/humble /usr/bin/cmake --install /home/ros22/machina/build/robotic_sol_interfaces
[0.594s] -- Install configuration: ""
[0.594s] -- Execute custom install script
[0.594s] -- Up-to-date symlink: /home/ros22/machina/install/robotic_sol_interfaces/share/ament_index/resource_index/rosidl_interfaces/robotic_sol_interfaces
[0.595s] -- Up-to-date symlink: /home/ros22/machina/install/robotic_sol_interfaces/include/robotic_sol_interfaces/robotic_sol_interfaces/msg/rosidl_generator_c__visibility_control.h
[0.595s] -- Up-to-date symlink: /home/ros22/machina/install/robotic_sol_interfaces/include/robotic_sol_interfaces/robotic_sol_interfaces/srv/detail/get_sensor_data__functions.h
[0.595s] -- Up-to-date symlink: /home/ros22/machina/install/robotic_sol_interfaces/include/robotic_sol_interfaces/robotic_sol_interfaces/srv/detail/get_sensor_data__struct.h
[0.595s] -- Up-to-date symlink: /home/ros22/machina/install/robotic_sol_interfaces/include/robotic_sol_interfaces/robotic_sol_interfaces/srv/detail/get_sensor_data__type_support.h
[0.595s] -- Up-to-date symlink: /home/ros22/machina/install/robotic_sol_interfaces/include/robotic_sol_interfaces/robotic_sol_interfaces/srv/get_sensor_data.h
[0.595s] -- Up-to-date symlink: /home/ros22/machina/install/robotic_sol_interfaces/share/robotic_sol_interfaces/environment/library_path.sh
[0.596s] -- Up-to-date symlink: /home/ros22/machina/install/robotic_sol_interfaces/share/robotic_sol_interfaces/environment/library_path.dsv
[0.596s] -- Up-to-date symlink: /home/ros22/machina/install/robotic_sol_interfaces/include/robotic_sol_interfaces/robotic_sol_interfaces/msg/rosidl_typesupport_fastrtps_c__visibility_control.h
[0.596s] -- Up-to-date symlink: /home/ros22/machina/install/robotic_sol_interfaces/include/robotic_sol_interfaces/robotic_sol_interfaces/srv/detail/get_sensor_data__rosidl_typesupport_fastrtps_c.h
[0.596s] -- Up-to-date symlink: /home/ros22/machina/install/robotic_sol_interfaces/include/robotic_sol_interfaces/robotic_sol_interfaces/msg/rosidl_typesupport_introspection_c__visibility_control.h
[0.596s] -- Up-to-date symlink: /home/ros22/machina/install/robotic_sol_interfaces/include/robotic_sol_interfaces/robotic_sol_interfaces/srv/detail/get_sensor_data__rosidl_typesupport_introspection_c.h
[0.596s] -- Up-to-date symlink: /home/ros22/machina/install/robotic_sol_interfaces/include/robotic_sol_interfaces/robotic_sol_interfaces/srv/detail/get_sensor_data__builder.hpp
[0.597s] -- Up-to-date symlink: /home/ros22/machina/install/robotic_sol_interfaces/include/robotic_sol_interfaces/robotic_sol_interfaces/srv/detail/get_sensor_data__struct.hpp
[0.597s] -- Up-to-date symlink: /home/ros22/machina/install/robotic_sol_interfaces/include/robotic_sol_interfaces/robotic_sol_interfaces/srv/detail/get_sensor_data__traits.hpp
[0.597s] -- Up-to-date symlink: /home/ros22/machina/install/robotic_sol_interfaces/include/robotic_sol_interfaces/robotic_sol_interfaces/srv/get_sensor_data.hpp
[0.597s] -- Up-to-date symlink: /home/ros22/machina/install/robotic_sol_interfaces/include/robotic_sol_interfaces/robotic_sol_interfaces/msg/rosidl_typesupport_fastrtps_cpp__visibility_control.h
[0.597s] -- Up-to-date symlink: /home/ros22/machina/install/robotic_sol_interfaces/include/robotic_sol_interfaces/robotic_sol_interfaces/srv/detail/get_sensor_data__rosidl_typesupport_fastrtps_cpp.hpp
[0.597s] -- Up-to-date symlink: /home/ros22/machina/install/robotic_sol_interfaces/include/robotic_sol_interfaces/robotic_sol_interfaces/srv/detail/get_sensor_data__rosidl_typesupport_introspection_cpp.hpp
[0.597s] -- Up-to-date symlink: /home/ros22/machina/install/robotic_sol_interfaces/share/robotic_sol_interfaces/environment/pythonpath.sh
[0.597s] -- Up-to-date symlink: /home/ros22/machina/install/robotic_sol_interfaces/share/robotic_sol_interfaces/environment/pythonpath.dsv
[0.598s] -- Up-to-date symlink: /home/ros22/machina/install/robotic_sol_interfaces/local/lib/python3.10/dist-packages/robotic_sol_interfaces-0.0.0-py3.10.egg-info/PKG-INFO
[0.598s] -- Up-to-date symlink: /home/ros22/machina/install/robotic_sol_interfaces/local/lib/python3.10/dist-packages/robotic_sol_interfaces-0.0.0-py3.10.egg-info/SOURCES.txt
[0.598s] -- Up-to-date symlink: /home/ros22/machina/install/robotic_sol_interfaces/local/lib/python3.10/dist-packages/robotic_sol_interfaces-0.0.0-py3.10.egg-info/dependency_links.txt
[0.598s] -- Up-to-date symlink: /home/ros22/machina/install/robotic_sol_interfaces/local/lib/python3.10/dist-packages/robotic_sol_interfaces-0.0.0-py3.10.egg-info/top_level.txt
[0.598s] -- Up-to-date symlink: /home/ros22/machina/install/robotic_sol_interfaces/local/lib/python3.10/dist-packages/robotic_sol_interfaces/__init__.py
[0.598s] -- Up-to-date symlink: /home/ros22/machina/install/robotic_sol_interfaces/local/lib/python3.10/dist-packages/robotic_sol_interfaces/_robotic_sol_interfaces_s.ep.rosidl_typesupport_c.c
[0.599s] -- Up-to-date symlink: /home/ros22/machina/install/robotic_sol_interfaces/local/lib/python3.10/dist-packages/robotic_sol_interfaces/_robotic_sol_interfaces_s.ep.rosidl_typesupport_fastrtps_c.c
[0.599s] -- Up-to-date symlink: /home/ros22/machina/install/robotic_sol_interfaces/local/lib/python3.10/dist-packages/robotic_sol_interfaces/_robotic_sol_interfaces_s.ep.rosidl_typesupport_introspection_c.c
[0.599s] -- Up-to-date symlink: /home/ros22/machina/install/robotic_sol_interfaces/local/lib/python3.10/dist-packages/robotic_sol_interfaces/librobotic_sol_interfaces__rosidl_generator_py.so
[0.599s] -- Up-to-date symlink: /home/ros22/machina/install/robotic_sol_interfaces/local/lib/python3.10/dist-packages/robotic_sol_interfaces/robotic_sol_interfaces_s__rosidl_typesupport_c.cpython-310-x86_64-linux-gnu.so
[0.599s] -- Up-to-date symlink: /home/ros22/machina/install/robotic_sol_interfaces/local/lib/python3.10/dist-packages/robotic_sol_interfaces/robotic_sol_interfaces_s__rosidl_typesupport_fastrtps_c.cpython-310-x86_64-linux-gnu.so
[0.599s] -- Up-to-date symlink: /home/ros22/machina/install/robotic_sol_interfaces/local/lib/python3.10/dist-packages/robotic_sol_interfaces/robotic_sol_interfaces_s__rosidl_typesupport_introspection_c.cpython-310-x86_64-linux-gnu.so
[0.599s] -- Up-to-date symlink: /home/ros22/machina/install/robotic_sol_interfaces/local/lib/python3.10/dist-packages/robotic_sol_interfaces/srv/__init__.py
[0.599s] -- Up-to-date symlink: /home/ros22/machina/install/robotic_sol_interfaces/local/lib/python3.10/dist-packages/robotic_sol_interfaces/srv/_get_sensor_data.py
[0.599s] -- Up-to-date symlink: /home/ros22/machina/install/robotic_sol_interfaces/local/lib/python3.10/dist-packages/robotic_sol_interfaces/srv/_get_sensor_data_s.c
[0.600s] -- Up-to-date symlink: /home/ros22/machina/install/robotic_sol_interfaces/local/lib/python3.10/dist-packages/robotic_sol_interfaces/robotic_sol_interfaces_s__rosidl_typesupport_fastrtps_c.cpython-310-x86_64-linux-gnu.so
[0.600s] -- Up-to-date symlink: /home/ros22/machina/install/robotic_sol_interfaces/local/lib/python3.10/dist-packages/robotic_sol_interfaces/robotic_sol_interfaces_s__rosidl_typesupport_introspection_c.cpython-310-x86_64-linux-gnu.so
[0.600s] -- Up-to-date symlink: /home/ros22/machina/install/robotic_sol_interfaces/local/lib/python3.10/dist-packages/robotic_sol_interfaces/robotic_sol_interfaces_s__rosidl_typesupport_c.cpython-310-x86_64-linux-gnu.so
[0.600s] -- Up-to-date symlink: /home/ros22/machina/install/robotic_sol_interfaces/share/robotic_sol_interfaces/srv/GetSensorData.idl
[0.600s] -- Up-to-date symlink: /home/ros22/machina/install/robotic_sol_interfaces/share/robotic_sol_interfaces/srv/GetSensorData.srv
[0.600s] -- Up-to-date symlink: /home/ros22/machina/install/robotic_sol_interfaces/share/robotic_sol_interfaces/srv/GetSensorData_Request.msg
[0.600s] -- Up-to-date symlink: /home/ros22/machina/install/robotic_sol_interfaces/share/robotic_sol_interfaces/srv/GetSensorData_Response.msg
[0.600s] -- Up-to-date symlink: /home/ros22/machina/install/robotic_sol_interfaces/share/ament_index/resource_index/package_run_dependencies/robotic_sol_interfaces
[0.601s] -- Up-to-date symlink: /home/ros22/machina/install/robotic_sol_interfaces/share/ament_index/resource_index/parent_prefix_path/robotic_sol_interfaces
[0.601s] -- Up-to-date symlink: /home/ros22/machina/install/robotic_sol_interfaces/share/robotic_sol_interfaces/environment/ament_prefix_path.sh
[0.601s] -- Up-to-date symlink: /home/ros22/machina/install/robotic_sol_interfaces/share/robotic_sol_interfaces/environment/ament_prefix_path.dsv
[0.601s] -- Up-to-date symlink: /home/ros22/machina/install/robotic_sol_interfaces/share/robotic_sol_interfaces/environment/path.sh
[0.601s] -- Up-to-date symlink: /home/ros22/machina/install/robotic_sol_interfaces/share/robotic_sol_interfaces/environment/path.dsv
[0.601s] -- Up-to-date symlink: /home/ros22/machina/install/robotic_sol_interfaces/share/robotic_sol_interfaces/local_setup.bash
[0.602s] -- Up-to-date symlink: /home/ros22/machina/install/robotic_sol_interfaces/share/robotic_sol_interfaces/local_setup.sh
[0.602s] -- Up-to-date symlink: /home/ros22/machina/install/robotic_sol_interfaces/share/robotic_sol_interfaces/local_setup.zsh
[0.602s] -- Up-to-date symlink: /home/ros22/machina/install/robotic_sol_interfaces/share/robotic_sol_interfaces/local_setup.dsv
[0.602s] -- Symlinking: /home/ros22/machina/install/robotic_sol_interfaces/share/robotic_sol_interfaces/package.dsv
[0.611s] -- Up-to-date symlink: /home/ros22/machina/install/robotic_sol_interfaces/share/ament_index/resource_index/packages/robotic_sol_interfaces
[0.611s] -- Up-to-date symlink: /home/ros22/machina/install/robotic_sol_interfaces/share/robotic_sol_interfaces/cmake/rosidl_cmake-extras.cmake
[0.611s] -- Up-to-date symlink: /home/ros22/machina/install/robotic_sol_interfaces/share/robotic_sol_interfaces/cmake/ament_cmake_export_include_directories-extras.cmake
[0.611s] -- Up-to-date symlink: /home/ros22/machina/install/robotic_sol_interfaces/share/robotic_sol_interfaces/cmake/ament_cmake_export_libraries-extras.cmake
[0.612s] -- Up-to-date symlink: /home/ros22/machina/install/robotic_sol_interfaces/share/robotic_sol_interfaces/cmake/ament_cmake_export_targets-extras.cmake
[0.612s] -- Up-to-date symlink: /home/ros22/machina/install/robotic_sol_interfaces/share/robotic_sol_interfaces/cmake/rosidl_cmake_export_typesupport_targets-extras.cmake
[0.612s] -- Up-to-date symlink: /home/ros22/machina/install/robotic_sol_interfaces/share/robotic_sol_interfaces/cmake/ament_cmake_export_dependencies-extras.cmake
[0.612s] -- Up-to-date symlink: /home/ros22/machina/install/robotic_sol_interfaces/share/robotic_sol_interfaces/cmake/rosidl_cmake_export_typesupport_libraries-extras.cmake
[0.612s] -- Up-to-date symlink: /home/ros22/machina/install/robotic_sol_interfaces/share/robotic_sol_interfaces/cmake/robotic_sol_interfacesConfig.cmake
[0.612s] -- Up-to-date symlink: /home/ros22/machina/install/robotic_sol_interfaces/share/robotic_sol_interfaces/cmake/robotic_sol_interfacesConfig-version.cmake
[0.612s] -- Up-to-date symlink: /home/ros22/machina/install/robotic_sol_interfaces/share/robotic_sol_interfaces/package.xml
[0.612s] -- Up-to-date: /home/ros22/machina/install/robotic_sol_interfaces/lib/librobotic_sol_interfaces__rosidl_generator_c.so
[0.613s] -- Up-to-date: /home/ros22/machina/install/robotic_sol_interfaces/lib/librobotic_sol_interfaces__rosidl_typesupport_fastrtps_c.so
[0.613s] -- Up-to-date: /home/ros22/machina/install/robotic_sol_interfaces/lib/librobotic_sol_interfaces__rosidl_typesupport_introspection_c.so
[0.613s] -- Up-to-date: /home/ros22/machina/install/robotic_sol_interfaces/lib/librobotic_sol_interfaces__rosidl_typesupport_c.so
[0.613s] -- Up-to-date: /home/ros22/machina/install/robotic_sol_interfaces/lib/librobotic_sol_interfaces__rosidl_typesupport_fastrtps_cpp.so
[0.613s] -- Up-to-date: /home/ros22/machina/install/robotic_sol_interfaces/lib/librobotic_sol_interfaces__rosidl_typesupport_introspection_cpp.so
[0.613s] -- Up-to-date: /home/ros22/machina/install/robotic_sol_interfaces/lib/librobotic_sol_interfaces__rosidl_typesupport_cpp.so
[0.638s] Listing '/home/ros22/machina/install/robotic_sol_interfaces/local/lib/python3.10/dist-packages/robotic_sol_interfaces'...
[0.639s] Listing '/home/ros22/machina/install/robotic_sol_interfaces/local/lib/python3.10/dist-packages/robotic_sol_interfaces/srv'...
[0.643s] -- Up-to-date: /home/ros22/machina/install/robotic_sol_interfaces/lib/librobotic_sol_interfaces__rosidl_generator_py.so
[0.643s] -- Up-to-date: /home/ros22/machina/install/robotic_sol_interfaces/share/robotic_sol_interfaces/cmake/export_robotic_sol_interfaces__rosidl_generator_cExport.cmake
[0.644s] -- Up-to-date: /home/ros22/machina/install/robotic_sol_interfaces/share/robotic_sol_interfaces/cmake/export_robotic_sol_interfaces__rosidl_generator_cExport-noconfig.cmake
[0.644s] -- Up-to-date: /home/ros22/machina/install/robotic_sol_interfaces/share/robotic_sol_interfaces/cmake/export_robotic_sol_interfaces__rosidl_typesupport_fastrtps_cExport.cmake
[0.644s] -- Up-to-date: /home/ros22/machina/install/robotic_sol_interfaces/share/robotic_sol_interfaces/cmake/export_robotic_sol_interfaces__rosidl_typesupport_fastrtps_cExport-noconfig.cmake
[0.644s] -- Up-to-date: /home/ros22/machina/install/robotic_sol_interfaces/share/robotic_sol_interfaces/cmake/robotic_sol_interfaces__rosidl_typesupport_introspection_cExport.cmake
[0.644s] -- Up-to-date: /home/ros22/machina/install/robotic_sol_interfaces/share/robotic_sol_interfaces/cmake/robotic_sol_interfaces__rosidl_typesupport_introspection_cExport-noconfig.cmake
[0.644s] -- Up-to-date: /home/ros22/machina/install/robotic_sol_interfaces/share/robotic_sol_interfaces/cmake/robotic_sol_interfaces__rosidl_typesupport_cExport.cmake
[0.644s] -- Up-to-date: /home/ros22/machina/install/robotic_sol_interfaces/share/robotic_sol_interfaces/cmake/robotic_sol_interfaces__rosidl_typesupport_cExport-noconfig.cmake
[0.645s] -- Up-to-date: /home/ros22/machina/install/robotic_sol_interfaces/share/robotic_sol_interfaces/cmake/export_robotic_sol_interfaces__rosidl_generator_cppExport.cmake
[0.645s] -- Up-to-date: /home/ros22/machina/install/robotic_sol_interfaces/share/robotic_sol_interfaces/cmake/export_robotic_sol_interfaces__rosidl_typesupport_fastrtps_cppExport.cmake
[0.645s] -- Up-to-date: /home/ros22/machina/install/robotic_sol_interfaces/share/robotic_sol_interfaces/cmake/export_robotic_sol_interfaces__rosidl_typesupport_fastrtps_cppExport-noconfig.cmake
[0.645s] -- Up-to-date: /home/ros22/machina/install/robotic_sol_interfaces/share/robotic_sol_interfaces/cmake/robotic_sol_interfaces__rosidl_typesupport_introspection_cppExport.cmake
[0.645s] -- Up-to-date: /home/ros22/machina/install/robotic_sol_interfaces/share/robotic_sol_interfaces/cmake/robotic_sol_interfaces__rosidl_typesupport_introspection_cppExport-noconfig.cmake
[0.645s] -- Up-to-date: /home/ros22/machina/install/robotic_sol_interfaces/share/robotic_sol_interfaces/cmake/robotic_sol_interfaces__rosidl_typesupport_cppExport.cmake
[0.645s] -- Up-to-date: /home/ros22/machina/install/robotic_sol_interfaces/share/robotic_sol_interfaces/cmake/robotic_sol_interfaces__rosidl_typesupport_cppExport-noconfig.cmake
[0.645s] -- Up-to-date: /home/ros22/machina/install/robotic_sol_interfaces/share/robotic_sol_interfaces/cmake/export_robotic_sol_interfaces__rosidl_generator_pyExport.cmake
[0.645s] -- Up-to-date: /home/ros22/machina/install/robotic_sol_interfaces/share/robotic_sol_interfaces/cmake/export_robotic_sol_interfaces__rosidl_generator_pyExport-noconfig.cmake
[0.647s] Invoked command in '/home/ros22/machina/build/robotic_sol_interfaces' returned '0': CMAKE_PREFIX_PATH=${CMAKE_PREFIX_PATH}:/home/ros22/machina/install/robotic_sol:/opt/ros/humble /usr/bin/cmake --install /home/ros22/machina/build/robotic_sol_interfaces
