running egg_info
creating ../../build/robotic_sol/robotic_sol.egg-info
writing ../../build/robotic_sol/robotic_sol.egg-info/PKG-INFO
writing dependency_links to ../../build/robotic_sol/robotic_sol.egg-info/dependency_links.txt
writing entry points to ../../build/robotic_sol/robotic_sol.egg-info/entry_points.txt
writing requirements to ../../build/robotic_sol/robotic_sol.egg-info/requires.txt
writing top-level names to ../../build/robotic_sol/robotic_sol.egg-info/top_level.txt
writing manifest file '../../build/robotic_sol/robotic_sol.egg-info/SOURCES.txt'
reading manifest file '../../build/robotic_sol/robotic_sol.egg-info/SOURCES.txt'
writing manifest file '../../build/robotic_sol/robotic_sol.egg-info/SOURCES.txt'
running build
running build_py
creating /home/ros22/machina/build/robotic_sol/build
creating /home/ros22/machina/build/robotic_sol/build/lib
creating /home/ros22/machina/build/robotic_sol/build/lib/robotic_sol
copying robotic_sol/sensor_manager.py -> /home/ros22/machina/build/robotic_sol/build/lib/robotic_sol
copying robotic_sol/__init__.py -> /home/ros22/machina/build/robotic_sol/build/lib/robotic_sol
running install
running install_lib
creating /home/ros22/machina/install/robotic_sol/lib/python3.10/site-packages/robotic_sol
copying /home/ros22/machina/build/robotic_sol/build/lib/robotic_sol/sensor_manager.py -> /home/ros22/machina/install/robotic_sol/lib/python3.10/site-packages/robotic_sol
copying /home/ros22/machina/build/robotic_sol/build/lib/robotic_sol/__init__.py -> /home/ros22/machina/install/robotic_sol/lib/python3.10/site-packages/robotic_sol
byte-compiling /home/ros22/machina/install/robotic_sol/lib/python3.10/site-packages/robotic_sol/sensor_manager.py to sensor_manager.cpython-310.pyc
byte-compiling /home/ros22/machina/install/robotic_sol/lib/python3.10/site-packages/robotic_sol/__init__.py to __init__.cpython-310.pyc
running install_data
creating /home/ros22/machina/install/robotic_sol/share/ament_index
creating /home/ros22/machina/install/robotic_sol/share/ament_index/resource_index
creating /home/ros22/machina/install/robotic_sol/share/ament_index/resource_index/packages
copying resource/robotic_sol -> /home/ros22/machina/install/robotic_sol/share/ament_index/resource_index/packages
copying package.xml -> /home/ros22/machina/install/robotic_sol/share/robotic_sol
creating /home/ros22/machina/install/robotic_sol/share/robotic_sol/srv
copying srv/GetSensorData.srv -> /home/ros22/machina/install/robotic_sol/share/robotic_sol/srv
running install_egg_info
Copying ../../build/robotic_sol/robotic_sol.egg-info to /home/ros22/machina/install/robotic_sol/lib/python3.10/site-packages/robotic_sol-0.0.0-py3.10.egg-info
running install_scripts
Installing sensor_node script to /home/ros22/machina/install/robotic_sol/lib/robotic_sol
writing list of installed files to '/home/ros22/machina/build/robotic_sol/install.log'
