[0.377s] Invoking command in '/home/ros22/machina/src/robotic_sol': PYTHONPATH=/home/ros22/machina/build/robotic_sol/prefix_override:/home/ros22/machina/install/robotic_sol/lib/python3.10/site-packages:${PYTHONPATH} /usr/bin/python3 -W ignore:setup.py install is deprecated setup.py egg_info --egg-base ../../build/robotic_sol build --build-base /home/ros22/machina/build/robotic_sol/build install --record /home/ros22/machina/build/robotic_sol/install.log --single-version-externally-managed install_data
[0.528s] running egg_info
[0.528s] creating ../../build/robotic_sol/robotic_sol.egg-info
[0.529s] writing ../../build/robotic_sol/robotic_sol.egg-info/PKG-INFO
[0.529s] writing dependency_links to ../../build/robotic_sol/robotic_sol.egg-info/dependency_links.txt
[0.529s] writing entry points to ../../build/robotic_sol/robotic_sol.egg-info/entry_points.txt
[0.529s] writing requirements to ../../build/robotic_sol/robotic_sol.egg-info/requires.txt
[0.529s] writing top-level names to ../../build/robotic_sol/robotic_sol.egg-info/top_level.txt
[0.529s] writing manifest file '../../build/robotic_sol/robotic_sol.egg-info/SOURCES.txt'
[0.531s] reading manifest file '../../build/robotic_sol/robotic_sol.egg-info/SOURCES.txt'
[0.531s] writing manifest file '../../build/robotic_sol/robotic_sol.egg-info/SOURCES.txt'
[0.531s] running build
[0.531s] running build_py
[0.531s] creating /home/ros22/machina/build/robotic_sol/build
[0.531s] creating /home/ros22/machina/build/robotic_sol/build/lib
[0.532s] creating /home/ros22/machina/build/robotic_sol/build/lib/robotic_sol
[0.532s] copying robotic_sol/sensor_manager.py -> /home/ros22/machina/build/robotic_sol/build/lib/robotic_sol
[0.532s] copying robotic_sol/__init__.py -> /home/ros22/machina/build/robotic_sol/build/lib/robotic_sol
[0.532s] running install
[0.532s] running install_lib
[0.533s] creating /home/ros22/machina/install/robotic_sol/lib/python3.10/site-packages/robotic_sol
[0.533s] copying /home/ros22/machina/build/robotic_sol/build/lib/robotic_sol/sensor_manager.py -> /home/ros22/machina/install/robotic_sol/lib/python3.10/site-packages/robotic_sol
[0.533s] copying /home/ros22/machina/build/robotic_sol/build/lib/robotic_sol/__init__.py -> /home/ros22/machina/install/robotic_sol/lib/python3.10/site-packages/robotic_sol
[0.533s] byte-compiling /home/ros22/machina/install/robotic_sol/lib/python3.10/site-packages/robotic_sol/sensor_manager.py to sensor_manager.cpython-310.pyc
[0.534s] byte-compiling /home/ros22/machina/install/robotic_sol/lib/python3.10/site-packages/robotic_sol/__init__.py to __init__.cpython-310.pyc
[0.534s] running install_data
[0.534s] creating /home/ros22/machina/install/robotic_sol/share/ament_index
[0.534s] creating /home/ros22/machina/install/robotic_sol/share/ament_index/resource_index
[0.534s] creating /home/ros22/machina/install/robotic_sol/share/ament_index/resource_index/packages
[0.534s] copying resource/robotic_sol -> /home/ros22/machina/install/robotic_sol/share/ament_index/resource_index/packages
[0.534s] copying package.xml -> /home/ros22/machina/install/robotic_sol/share/robotic_sol
[0.534s] creating /home/ros22/machina/install/robotic_sol/share/robotic_sol/srv
[0.534s] copying srv/GetSensorData.srv -> /home/ros22/machina/install/robotic_sol/share/robotic_sol/srv
[0.535s] running install_egg_info
[0.535s] Copying ../../build/robotic_sol/robotic_sol.egg-info to /home/ros22/machina/install/robotic_sol/lib/python3.10/site-packages/robotic_sol-0.0.0-py3.10.egg-info
[0.536s] running install_scripts
[0.548s] Installing sensor_node script to /home/ros22/machina/install/robotic_sol/lib/robotic_sol
[0.549s] writing list of installed files to '/home/ros22/machina/build/robotic_sol/install.log'
[0.565s] Invoked command in '/home/ros22/machina/src/robotic_sol' returned '0': PYTHONPATH=/home/ros22/machina/build/robotic_sol/prefix_override:/home/ros22/machina/install/robotic_sol/lib/python3.10/site-packages:${PYTHONPATH} /usr/bin/python3 -W ignore:setup.py install is deprecated setup.py egg_info --egg-base ../../build/robotic_sol build --build-base /home/ros22/machina/build/robotic_sol/build install --record /home/ros22/machina/build/robotic_sol/install.log --single-version-externally-managed install_data
