[0.145s] DEBUG:colcon:Command line arguments: ['/usr/bin/colcon', 'build', '--symlink-install']
[0.145s] DEBUG:colcon:Parsed command line arguments: Namespace(log_base=None, log_level=None, verb_name='build', build_base='build', install_base='install', merge_install=False, symlink_install=True, test_result_base=None, continue_on_error=False, executor='parallel', parallel_workers=16, event_handlers=None, ignore_user_meta=False, metas=['./colcon.meta'], base_paths=['.'], packages_ignore=None, packages_ignore_regex=None, paths=None, packages_up_to=None, packages_up_to_regex=None, packages_above=None, packages_above_and_dependencies=None, packages_above_depth=None, packages_select_by_dep=None, packages_skip_by_dep=None, packages_skip_up_to=None, packages_select_build_failed=False, packages_skip_build_finished=False, packages_select_test_failures=False, packages_skip_test_passed=False, packages_select=None, packages_skip=None, packages_select_regex=None, packages_skip_regex=None, packages_start=None, packages_end=None, allow_overriding=[], cmake_args=None, cmake_target=None, cmake_target_skip_unavailable=False, cmake_clean_cache=False, cmake_clean_first=False, cmake_force_configure=False, ament_cmake_args=None, catkin_cmake_args=None, catkin_skip_building_tests=False, verb_parser=<colcon_defaults.argument_parser.defaults.DefaultArgumentsDecorator object at 0x7f73800776a0>, verb_extension=<colcon_core.verb.build.BuildVerb object at 0x7f7380077190>, main=<bound method BuildVerb.main of <colcon_core.verb.build.BuildVerb object at 0x7f7380077190>>)
[0.268s] Level 1:colcon.colcon_core.package_discovery:discover_packages(colcon_meta) check parameters
[0.268s] Level 1:colcon.colcon_core.package_discovery:discover_packages(recursive) check parameters
[0.268s] Level 1:colcon.colcon_core.package_discovery:discover_packages(ignore) check parameters
[0.268s] Level 1:colcon.colcon_core.package_discovery:discover_packages(path) check parameters
[0.268s] Level 1:colcon.colcon_core.package_discovery:discover_packages(colcon_meta) discover
[0.268s] Level 1:colcon.colcon_core.package_discovery:discover_packages(recursive) discover
[0.268s] INFO:colcon.colcon_core.package_discovery:Crawling recursively for packages in '/home/ros22/machina'
[0.268s] Level 1:colcon.colcon_core.package_identification:_identify(.) by extensions ['ignore', 'ignore_ament_install']
[0.269s] Level 1:colcon.colcon_core.package_identification:_identify(.) by extension 'ignore'
[0.269s] Level 1:colcon.colcon_core.package_identification:_identify(.) by extension 'ignore_ament_install'
[0.269s] Level 1:colcon.colcon_core.package_identification:_identify(.) by extensions ['colcon_pkg']
[0.269s] Level 1:colcon.colcon_core.package_identification:_identify(.) by extension 'colcon_pkg'
[0.269s] Level 1:colcon.colcon_core.package_identification:_identify(.) by extensions ['colcon_meta']
[0.269s] Level 1:colcon.colcon_core.package_identification:_identify(.) by extension 'colcon_meta'
[0.269s] Level 1:colcon.colcon_core.package_identification:_identify(.) by extensions ['ros']
[0.269s] Level 1:colcon.colcon_core.package_identification:_identify(.) by extension 'ros'
[0.277s] Level 1:colcon.colcon_core.package_identification:_identify(.) by extensions ['cmake', 'python']
[0.277s] Level 1:colcon.colcon_core.package_identification:_identify(.) by extension 'cmake'
[0.277s] Level 1:colcon.colcon_core.package_identification:_identify(.) by extension 'python'
[0.277s] Level 1:colcon.colcon_core.package_identification:_identify(.) by extensions ['python_setup_py']
[0.277s] Level 1:colcon.colcon_core.package_identification:_identify(.) by extension 'python_setup_py'
[0.277s] Level 1:colcon.colcon_core.package_identification:_identify(build) by extensions ['ignore', 'ignore_ament_install']
[0.277s] Level 1:colcon.colcon_core.package_identification:_identify(build) by extension 'ignore'
[0.277s] Level 1:colcon.colcon_core.package_identification:_identify(build) ignored
[0.277s] Level 1:colcon.colcon_core.package_identification:_identify(install) by extensions ['ignore', 'ignore_ament_install']
[0.277s] Level 1:colcon.colcon_core.package_identification:_identify(install) by extension 'ignore'
[0.277s] Level 1:colcon.colcon_core.package_identification:_identify(install) ignored
[0.277s] Level 1:colcon.colcon_core.package_identification:_identify(log) by extensions ['ignore', 'ignore_ament_install']
[0.278s] Level 1:colcon.colcon_core.package_identification:_identify(log) by extension 'ignore'
[0.278s] Level 1:colcon.colcon_core.package_identification:_identify(log) ignored
[0.278s] Level 1:colcon.colcon_core.package_identification:_identify(src) by extensions ['ignore', 'ignore_ament_install']
[0.278s] Level 1:colcon.colcon_core.package_identification:_identify(src) by extension 'ignore'
[0.278s] Level 1:colcon.colcon_core.package_identification:_identify(src) by extension 'ignore_ament_install'
[0.278s] Level 1:colcon.colcon_core.package_identification:_identify(src) by extensions ['colcon_pkg']
[0.278s] Level 1:colcon.colcon_core.package_identification:_identify(src) by extension 'colcon_pkg'
[0.278s] Level 1:colcon.colcon_core.package_identification:_identify(src) by extensions ['colcon_meta']
[0.278s] Level 1:colcon.colcon_core.package_identification:_identify(src) by extension 'colcon_meta'
[0.278s] Level 1:colcon.colcon_core.package_identification:_identify(src) by extensions ['ros']
[0.278s] Level 1:colcon.colcon_core.package_identification:_identify(src) by extension 'ros'
[0.278s] Level 1:colcon.colcon_core.package_identification:_identify(src) by extensions ['cmake', 'python']
[0.278s] Level 1:colcon.colcon_core.package_identification:_identify(src) by extension 'cmake'
[0.278s] Level 1:colcon.colcon_core.package_identification:_identify(src) by extension 'python'
[0.278s] Level 1:colcon.colcon_core.package_identification:_identify(src) by extensions ['python_setup_py']
[0.278s] Level 1:colcon.colcon_core.package_identification:_identify(src) by extension 'python_setup_py'
[0.278s] Level 1:colcon.colcon_core.package_identification:_identify(src/robotic_sol) by extensions ['ignore', 'ignore_ament_install']
[0.278s] Level 1:colcon.colcon_core.package_identification:_identify(src/robotic_sol) by extension 'ignore'
[0.278s] Level 1:colcon.colcon_core.package_identification:_identify(src/robotic_sol) by extension 'ignore_ament_install'
[0.278s] Level 1:colcon.colcon_core.package_identification:_identify(src/robotic_sol) by extensions ['colcon_pkg']
[0.278s] Level 1:colcon.colcon_core.package_identification:_identify(src/robotic_sol) by extension 'colcon_pkg'
[0.278s] Level 1:colcon.colcon_core.package_identification:_identify(src/robotic_sol) by extensions ['colcon_meta']
[0.279s] Level 1:colcon.colcon_core.package_identification:_identify(src/robotic_sol) by extension 'colcon_meta'
[0.279s] Level 1:colcon.colcon_core.package_identification:_identify(src/robotic_sol) by extensions ['ros']
[0.279s] Level 1:colcon.colcon_core.package_identification:_identify(src/robotic_sol) by extension 'ros'
[0.280s] DEBUG:colcon.colcon_core.package_identification:Package 'src/robotic_sol' with type 'ros.ament_python' and name 'robotic_sol'
[0.280s] Level 1:colcon.colcon_core.package_identification:_identify(src/robotic_sol_interfaces) by extensions ['ignore', 'ignore_ament_install']
[0.281s] Level 1:colcon.colcon_core.package_identification:_identify(src/robotic_sol_interfaces) by extension 'ignore'
[0.281s] Level 1:colcon.colcon_core.package_identification:_identify(src/robotic_sol_interfaces) by extension 'ignore_ament_install'
[0.281s] Level 1:colcon.colcon_core.package_identification:_identify(src/robotic_sol_interfaces) by extensions ['colcon_pkg']
[0.281s] Level 1:colcon.colcon_core.package_identification:_identify(src/robotic_sol_interfaces) by extension 'colcon_pkg'
[0.281s] Level 1:colcon.colcon_core.package_identification:_identify(src/robotic_sol_interfaces) by extensions ['colcon_meta']
[0.281s] Level 1:colcon.colcon_core.package_identification:_identify(src/robotic_sol_interfaces) by extension 'colcon_meta'
[0.281s] Level 1:colcon.colcon_core.package_identification:_identify(src/robotic_sol_interfaces) by extensions ['ros']
[0.281s] Level 1:colcon.colcon_core.package_identification:_identify(src/robotic_sol_interfaces) by extension 'ros'
[0.281s] DEBUG:colcon.colcon_core.package_identification:Package 'src/robotic_sol_interfaces' with type 'ros.ament_cmake' and name 'robotic_sol_interfaces'
[0.281s] Level 1:colcon.colcon_core.package_discovery:discover_packages(recursive) using defaults
[0.281s] Level 1:colcon.colcon_core.package_discovery:discover_packages(ignore) discover
[0.281s] Level 1:colcon.colcon_core.package_discovery:discover_packages(ignore) using defaults
[0.281s] Level 1:colcon.colcon_core.package_discovery:discover_packages(path) discover
[0.281s] Level 1:colcon.colcon_core.package_discovery:discover_packages(path) using defaults
[0.308s] Level 1:colcon.colcon_core.package_discovery:discover_packages(prefix_path) check parameters
[0.308s] Level 1:colcon.colcon_core.package_discovery:discover_packages(prefix_path) discover
[0.310s] DEBUG:colcon.colcon_installed_package_information.package_discovery:Found 2 installed packages in /home/ros22/machina/install
[0.310s] DEBUG:colcon.colcon_installed_package_information.package_discovery:Found 270 installed packages in /opt/ros/humble
[0.312s] Level 1:colcon.colcon_core.package_discovery:discover_packages(prefix_path) using defaults
[0.338s] Level 5:colcon.colcon_core.verb:set package 'robotic_sol' build argument 'cmake_args' from command line to 'None'
[0.338s] Level 5:colcon.colcon_core.verb:set package 'robotic_sol' build argument 'cmake_target' from command line to 'None'
[0.338s] Level 5:colcon.colcon_core.verb:set package 'robotic_sol' build argument 'cmake_target_skip_unavailable' from command line to 'False'
[0.338s] Level 5:colcon.colcon_core.verb:set package 'robotic_sol' build argument 'cmake_clean_cache' from command line to 'False'
[0.338s] Level 5:colcon.colcon_core.verb:set package 'robotic_sol' build argument 'cmake_clean_first' from command line to 'False'
[0.338s] Level 5:colcon.colcon_core.verb:set package 'robotic_sol' build argument 'cmake_force_configure' from command line to 'False'
[0.338s] Level 5:colcon.colcon_core.verb:set package 'robotic_sol' build argument 'ament_cmake_args' from command line to 'None'
[0.338s] Level 5:colcon.colcon_core.verb:set package 'robotic_sol' build argument 'catkin_cmake_args' from command line to 'None'
[0.338s] Level 5:colcon.colcon_core.verb:set package 'robotic_sol' build argument 'catkin_skip_building_tests' from command line to 'False'
[0.338s] DEBUG:colcon.colcon_core.verb:Building package 'robotic_sol' with the following arguments: {'ament_cmake_args': None, 'build_base': '/home/ros22/machina/build/robotic_sol', 'catkin_cmake_args': None, 'catkin_skip_building_tests': False, 'cmake_args': None, 'cmake_clean_cache': False, 'cmake_clean_first': False, 'cmake_force_configure': False, 'cmake_target': None, 'cmake_target_skip_unavailable': False, 'install_base': '/home/ros22/machina/install/robotic_sol', 'merge_install': False, 'path': '/home/ros22/machina/src/robotic_sol', 'symlink_install': True, 'test_result_base': None}
[0.339s] Level 5:colcon.colcon_core.verb:set package 'robotic_sol_interfaces' build argument 'cmake_args' from command line to 'None'
[0.339s] Level 5:colcon.colcon_core.verb:set package 'robotic_sol_interfaces' build argument 'cmake_target' from command line to 'None'
[0.339s] Level 5:colcon.colcon_core.verb:set package 'robotic_sol_interfaces' build argument 'cmake_target_skip_unavailable' from command line to 'False'
[0.339s] Level 5:colcon.colcon_core.verb:set package 'robotic_sol_interfaces' build argument 'cmake_clean_cache' from command line to 'False'
[0.339s] Level 5:colcon.colcon_core.verb:set package 'robotic_sol_interfaces' build argument 'cmake_clean_first' from command line to 'False'
[0.339s] Level 5:colcon.colcon_core.verb:set package 'robotic_sol_interfaces' build argument 'cmake_force_configure' from command line to 'False'
[0.339s] Level 5:colcon.colcon_core.verb:set package 'robotic_sol_interfaces' build argument 'ament_cmake_args' from command line to 'None'
[0.339s] Level 5:colcon.colcon_core.verb:set package 'robotic_sol_interfaces' build argument 'catkin_cmake_args' from command line to 'None'
[0.339s] Level 5:colcon.colcon_core.verb:set package 'robotic_sol_interfaces' build argument 'catkin_skip_building_tests' from command line to 'False'
[0.339s] DEBUG:colcon.colcon_core.verb:Building package 'robotic_sol_interfaces' with the following arguments: {'ament_cmake_args': None, 'build_base': '/home/ros22/machina/build/robotic_sol_interfaces', 'catkin_cmake_args': None, 'catkin_skip_building_tests': False, 'cmake_args': None, 'cmake_clean_cache': False, 'cmake_clean_first': False, 'cmake_force_configure': False, 'cmake_target': None, 'cmake_target_skip_unavailable': False, 'install_base': '/home/ros22/machina/install/robotic_sol_interfaces', 'merge_install': False, 'path': '/home/ros22/machina/src/robotic_sol_interfaces', 'symlink_install': True, 'test_result_base': None}
[0.339s] INFO:colcon.colcon_core.executor:Executing jobs using 'parallel' executor
[0.340s] DEBUG:colcon.colcon_parallel_executor.executor.parallel:run_until_complete
[0.340s] INFO:colcon.colcon_ros.task.ament_python.build:Building ROS package in '/home/ros22/machina/src/robotic_sol' with build type 'ament_python'
[0.340s] Level 1:colcon.colcon_core.shell:create_environment_hook('robotic_sol', 'ament_prefix_path')
[0.343s] INFO:colcon.colcon_core.plugin_system:Skipping extension 'colcon_core.shell.bat': Not used on non-Windows systems
[0.343s] INFO:colcon.colcon_core.shell:Creating environment hook '/home/ros22/machina/install/robotic_sol/share/robotic_sol/hook/ament_prefix_path.ps1'
[0.343s] INFO:colcon.colcon_core.shell:Creating environment descriptor '/home/ros22/machina/install/robotic_sol/share/robotic_sol/hook/ament_prefix_path.dsv'
[0.344s] INFO:colcon.colcon_core.shell:Creating environment hook '/home/ros22/machina/install/robotic_sol/share/robotic_sol/hook/ament_prefix_path.sh'
[0.344s] INFO:colcon.colcon_core.shell:Skip shell extension 'powershell' for command environment: Not usable outside of PowerShell
[0.344s] DEBUG:colcon.colcon_core.shell:Skip shell extension 'dsv' for command environment
[0.347s] INFO:colcon.colcon_ros.task.ament_cmake.build:Building ROS package in '/home/ros22/machina/src/robotic_sol_interfaces' with build type 'ament_cmake'
[0.347s] INFO:colcon.colcon_cmake.task.cmake.build:Building CMake package in '/home/ros22/machina/src/robotic_sol_interfaces'
[0.348s] INFO:colcon.colcon_core.shell:Skip shell extension 'powershell' for command environment: Not usable outside of PowerShell
[0.348s] DEBUG:colcon.colcon_core.shell:Skip shell extension 'dsv' for command environment
[0.540s] INFO:colcon.colcon_core.task.python.build:Building Python package in '/home/ros22/machina/src/robotic_sol'
[0.541s] INFO:colcon.colcon_core.shell:Skip shell extension 'powershell' for command environment: Not usable outside of PowerShell
[0.541s] DEBUG:colcon.colcon_core.shell:Skip shell extension 'dsv' for command environment
[0.552s] DEBUG:colcon.colcon_core.event_handler.log_command:Invoking command in '/home/ros22/machina/build/robotic_sol_interfaces': CMAKE_PREFIX_PATH=${CMAKE_PREFIX_PATH}:/home/ros22/machina/install/robotic_sol:/opt/ros/humble /usr/bin/cmake --build /home/ros22/machina/build/robotic_sol_interfaces -- -j16 -l16
[0.883s] DEBUG:colcon.colcon_core.event_handler.log_command:Invoked command in '/home/ros22/machina/build/robotic_sol_interfaces' returned '0': CMAKE_PREFIX_PATH=${CMAKE_PREFIX_PATH}:/home/ros22/machina/install/robotic_sol:/opt/ros/humble /usr/bin/cmake --build /home/ros22/machina/build/robotic_sol_interfaces -- -j16 -l16
[0.924s] DEBUG:colcon.colcon_core.event_handler.log_command:Invoking command in '/home/ros22/machina/build/robotic_sol': PYTHONPATH=/home/ros22/machina/build/robotic_sol/prefix_override:/home/ros22/machina/install/robotic_sol/lib/python3.10/site-packages:${PYTHONPATH} /usr/bin/python3 -W ignore:setup.py install is deprecated setup.py develop --editable --build-directory /home/ros22/machina/build/robotic_sol/build --no-deps symlink_data
[0.936s] DEBUG:colcon.colcon_core.event_handler.log_command:Invoking command in '/home/ros22/machina/build/robotic_sol_interfaces': CMAKE_PREFIX_PATH=${CMAKE_PREFIX_PATH}:/home/ros22/machina/install/robotic_sol:/opt/ros/humble /usr/bin/cmake --install /home/ros22/machina/build/robotic_sol_interfaces
[0.994s] Level 1:colcon.colcon_core.environment:create_environment_scripts_only(robotic_sol_interfaces)
[0.995s] DEBUG:colcon.colcon_core.event_handler.log_command:Invoked command in '/home/ros22/machina/build/robotic_sol_interfaces' returned '0': CMAKE_PREFIX_PATH=${CMAKE_PREFIX_PATH}:/home/ros22/machina/install/robotic_sol:/opt/ros/humble /usr/bin/cmake --install /home/ros22/machina/build/robotic_sol_interfaces
[0.997s] Level 1:colcon.colcon_core.environment:checking '/home/ros22/machina/install/robotic_sol_interfaces' for CMake module files
[0.998s] Level 1:colcon.colcon_core.environment:checking '/home/ros22/machina/install/robotic_sol_interfaces' for CMake config files
[0.998s] Level 1:colcon.colcon_core.shell:create_environment_hook('robotic_sol_interfaces', 'cmake_prefix_path')
[0.998s] INFO:colcon.colcon_core.shell:Creating environment hook '/home/ros22/machina/install/robotic_sol_interfaces/share/robotic_sol_interfaces/hook/cmake_prefix_path.ps1'
[0.999s] INFO:colcon.colcon_core.shell:Creating environment descriptor '/home/ros22/machina/install/robotic_sol_interfaces/share/robotic_sol_interfaces/hook/cmake_prefix_path.dsv'
[0.999s] INFO:colcon.colcon_core.shell:Creating environment hook '/home/ros22/machina/install/robotic_sol_interfaces/share/robotic_sol_interfaces/hook/cmake_prefix_path.sh'
[1.000s] Level 1:colcon.colcon_core.environment:checking '/home/ros22/machina/install/robotic_sol_interfaces/lib'
[1.000s] Level 1:colcon.colcon_core.shell:create_environment_hook('robotic_sol_interfaces', 'ld_library_path_lib')
[1.000s] INFO:colcon.colcon_core.shell:Creating environment hook '/home/ros22/machina/install/robotic_sol_interfaces/share/robotic_sol_interfaces/hook/ld_library_path_lib.ps1'
[1.000s] INFO:colcon.colcon_core.shell:Creating environment descriptor '/home/ros22/machina/install/robotic_sol_interfaces/share/robotic_sol_interfaces/hook/ld_library_path_lib.dsv'
[1.001s] INFO:colcon.colcon_core.shell:Creating environment hook '/home/ros22/machina/install/robotic_sol_interfaces/share/robotic_sol_interfaces/hook/ld_library_path_lib.sh'
[1.001s] Level 1:colcon.colcon_core.environment:checking '/home/ros22/machina/install/robotic_sol_interfaces/bin'
[1.001s] Level 1:colcon.colcon_core.environment:checking '/home/ros22/machina/install/robotic_sol_interfaces/lib/pkgconfig/robotic_sol_interfaces.pc'
[1.001s] Level 1:colcon.colcon_core.environment:checking '/home/ros22/machina/install/robotic_sol_interfaces/lib/python3.10/site-packages'
[1.002s] Level 1:colcon.colcon_core.environment:checking '/home/ros22/machina/install/robotic_sol_interfaces/bin'
[1.002s] INFO:colcon.colcon_core.shell:Creating package script '/home/ros22/machina/install/robotic_sol_interfaces/share/robotic_sol_interfaces/package.ps1'
[1.003s] INFO:colcon.colcon_core.shell:Creating package descriptor '/home/ros22/machina/install/robotic_sol_interfaces/share/robotic_sol_interfaces/package.dsv'
[1.003s] INFO:colcon.colcon_core.shell:Creating package script '/home/ros22/machina/install/robotic_sol_interfaces/share/robotic_sol_interfaces/package.sh'
[1.004s] INFO:colcon.colcon_core.shell:Creating package script '/home/ros22/machina/install/robotic_sol_interfaces/share/robotic_sol_interfaces/package.bash'
[1.004s] INFO:colcon.colcon_core.shell:Creating package script '/home/ros22/machina/install/robotic_sol_interfaces/share/robotic_sol_interfaces/package.zsh'
[1.005s] Level 1:colcon.colcon_core.environment:create_file_with_runtime_dependencies(/home/ros22/machina/install/robotic_sol_interfaces/share/colcon-core/packages/robotic_sol_interfaces)
[1.046s] Level 1:colcon.colcon_core.environment:create_environment_scripts_only(robotic_sol_interfaces)
[1.046s] Level 1:colcon.colcon_core.environment:checking '/home/ros22/machina/install/robotic_sol_interfaces' for CMake module files
[1.047s] Level 1:colcon.colcon_core.environment:checking '/home/ros22/machina/install/robotic_sol_interfaces' for CMake config files
[1.047s] Level 1:colcon.colcon_core.shell:create_environment_hook('robotic_sol_interfaces', 'cmake_prefix_path')
[1.048s] INFO:colcon.colcon_core.shell:Creating environment hook '/home/ros22/machina/install/robotic_sol_interfaces/share/robotic_sol_interfaces/hook/cmake_prefix_path.ps1'
[1.048s] INFO:colcon.colcon_core.shell:Creating environment descriptor '/home/ros22/machina/install/robotic_sol_interfaces/share/robotic_sol_interfaces/hook/cmake_prefix_path.dsv'
[1.048s] INFO:colcon.colcon_core.shell:Creating environment hook '/home/ros22/machina/install/robotic_sol_interfaces/share/robotic_sol_interfaces/hook/cmake_prefix_path.sh'
[1.049s] Level 1:colcon.colcon_core.environment:checking '/home/ros22/machina/install/robotic_sol_interfaces/lib'
[1.049s] Level 1:colcon.colcon_core.shell:create_environment_hook('robotic_sol_interfaces', 'ld_library_path_lib')
[1.049s] INFO:colcon.colcon_core.shell:Creating environment hook '/home/ros22/machina/install/robotic_sol_interfaces/share/robotic_sol_interfaces/hook/ld_library_path_lib.ps1'
[1.049s] INFO:colcon.colcon_core.shell:Creating environment descriptor '/home/ros22/machina/install/robotic_sol_interfaces/share/robotic_sol_interfaces/hook/ld_library_path_lib.dsv'
[1.050s] INFO:colcon.colcon_core.shell:Creating environment hook '/home/ros22/machina/install/robotic_sol_interfaces/share/robotic_sol_interfaces/hook/ld_library_path_lib.sh'
[1.050s] Level 1:colcon.colcon_core.environment:checking '/home/ros22/machina/install/robotic_sol_interfaces/bin'
[1.050s] Level 1:colcon.colcon_core.environment:checking '/home/ros22/machina/install/robotic_sol_interfaces/lib/pkgconfig/robotic_sol_interfaces.pc'
[1.050s] Level 1:colcon.colcon_core.environment:checking '/home/ros22/machina/install/robotic_sol_interfaces/lib/python3.10/site-packages'
[1.050s] Level 1:colcon.colcon_core.environment:checking '/home/ros22/machina/install/robotic_sol_interfaces/bin'
[1.051s] INFO:colcon.colcon_core.shell:Creating package script '/home/ros22/machina/install/robotic_sol_interfaces/share/robotic_sol_interfaces/package.ps1'
[1.051s] INFO:colcon.colcon_core.shell:Creating package descriptor '/home/ros22/machina/install/robotic_sol_interfaces/share/robotic_sol_interfaces/package.dsv'
[1.052s] INFO:colcon.colcon_core.shell:Creating package script '/home/ros22/machina/install/robotic_sol_interfaces/share/robotic_sol_interfaces/package.sh'
[1.052s] INFO:colcon.colcon_core.shell:Creating package script '/home/ros22/machina/install/robotic_sol_interfaces/share/robotic_sol_interfaces/package.bash'
[1.052s] INFO:colcon.colcon_core.shell:Creating package script '/home/ros22/machina/install/robotic_sol_interfaces/share/robotic_sol_interfaces/package.zsh'
[1.053s] Level 1:colcon.colcon_core.environment:create_file_with_runtime_dependencies(/home/ros22/machina/install/robotic_sol_interfaces/share/colcon-core/packages/robotic_sol_interfaces)
[1.430s] Level 1:colcon.colcon_core.shell:create_environment_hook('robotic_sol', 'pythonpath_develop')
[1.431s] INFO:colcon.colcon_core.shell:Creating environment hook '/home/ros22/machina/build/robotic_sol/share/robotic_sol/hook/pythonpath_develop.ps1'
[1.432s] DEBUG:colcon.colcon_core.event_handler.log_command:Invoked command in '/home/ros22/machina/build/robotic_sol' returned '0': PYTHONPATH=/home/ros22/machina/build/robotic_sol/prefix_override:/home/ros22/machina/install/robotic_sol/lib/python3.10/site-packages:${PYTHONPATH} /usr/bin/python3 -W ignore:setup.py install is deprecated setup.py develop --editable --build-directory /home/ros22/machina/build/robotic_sol/build --no-deps symlink_data
[1.432s] INFO:colcon.colcon_core.shell:Creating environment descriptor '/home/ros22/machina/build/robotic_sol/share/robotic_sol/hook/pythonpath_develop.dsv'
[1.432s] INFO:colcon.colcon_core.shell:Creating environment hook '/home/ros22/machina/build/robotic_sol/share/robotic_sol/hook/pythonpath_develop.sh'
[1.433s] Level 1:colcon.colcon_core.environment:checking '/home/ros22/machina/install/robotic_sol' for CMake module files
[1.433s] Level 1:colcon.colcon_core.environment:checking '/home/ros22/machina/install/robotic_sol' for CMake config files
[1.434s] Level 1:colcon.colcon_core.environment:checking '/home/ros22/machina/install/robotic_sol/lib'
[1.434s] Level 1:colcon.colcon_core.environment:checking '/home/ros22/machina/install/robotic_sol/bin'
[1.434s] Level 1:colcon.colcon_core.environment:checking '/home/ros22/machina/install/robotic_sol/lib/pkgconfig/robotic_sol.pc'
[1.434s] Level 1:colcon.colcon_core.environment:checking '/home/ros22/machina/install/robotic_sol/lib/python3.10/site-packages'
[1.434s] Level 1:colcon.colcon_core.shell:create_environment_hook('robotic_sol', 'pythonpath')
[1.435s] INFO:colcon.colcon_core.shell:Creating environment hook '/home/ros22/machina/install/robotic_sol/share/robotic_sol/hook/pythonpath.ps1'
[1.435s] INFO:colcon.colcon_core.shell:Creating environment descriptor '/home/ros22/machina/install/robotic_sol/share/robotic_sol/hook/pythonpath.dsv'
[1.435s] INFO:colcon.colcon_core.shell:Creating environment hook '/home/ros22/machina/install/robotic_sol/share/robotic_sol/hook/pythonpath.sh'
[1.436s] Level 1:colcon.colcon_core.environment:checking '/home/ros22/machina/install/robotic_sol/bin'
[1.436s] Level 1:colcon.colcon_core.environment:create_environment_scripts_only(robotic_sol)
[1.436s] INFO:colcon.colcon_core.shell:Creating package script '/home/ros22/machina/install/robotic_sol/share/robotic_sol/package.ps1'
[1.436s] INFO:colcon.colcon_core.shell:Creating package descriptor '/home/ros22/machina/install/robotic_sol/share/robotic_sol/package.dsv'
[1.437s] INFO:colcon.colcon_core.shell:Creating package script '/home/ros22/machina/install/robotic_sol/share/robotic_sol/package.sh'
[1.437s] INFO:colcon.colcon_core.shell:Creating package script '/home/ros22/machina/install/robotic_sol/share/robotic_sol/package.bash'
[1.437s] INFO:colcon.colcon_core.shell:Creating package script '/home/ros22/machina/install/robotic_sol/share/robotic_sol/package.zsh'
[1.438s] Level 1:colcon.colcon_core.environment:create_file_with_runtime_dependencies(/home/ros22/machina/install/robotic_sol/share/colcon-core/packages/robotic_sol)
[1.438s] DEBUG:colcon.colcon_parallel_executor.executor.parallel:closing loop
[1.439s] DEBUG:colcon.colcon_parallel_executor.executor.parallel:loop closed
[1.439s] DEBUG:colcon.colcon_parallel_executor.executor.parallel:run_until_complete finished with '0'
[1.439s] DEBUG:colcon.colcon_core.event_reactor:joining thread
[1.458s] INFO:colcon.colcon_core.plugin_system:Skipping extension 'colcon_notification.desktop_notification.notify_send': Could not find 'notify-send'
[1.459s] INFO:colcon.colcon_core.plugin_system:Skipping extension 'colcon_notification.desktop_notification.terminal_notifier': Not used on non-Darwin systems
[1.459s] INFO:colcon.colcon_core.plugin_system:Skipping extension 'colcon_notification.desktop_notification.win32': Not used on non-Windows systems
[1.459s] INFO:colcon.colcon_notification.desktop_notification:Sending desktop notification using 'notify2'
[1.460s] DEBUG:colcon.colcon_notification.desktop_notification.notify2:Failed to initialize notify2: org.freedesktop.DBus.Error.ServiceUnknown: The name org.freedesktop.Notifications was not provided by any .service files
[1.460s] DEBUG:colcon.colcon_core.event_reactor:joined thread
[1.461s] INFO:colcon.colcon_core.shell:Creating prefix script '/home/ros22/machina/install/local_setup.ps1'
[1.462s] INFO:colcon.colcon_core.shell:Creating prefix util module '/home/ros22/machina/install/_local_setup_util_ps1.py'
[1.463s] INFO:colcon.colcon_core.shell:Creating prefix chain script '/home/ros22/machina/install/setup.ps1'
[1.464s] INFO:colcon.colcon_core.shell:Creating prefix script '/home/ros22/machina/install/local_setup.sh'
[1.464s] INFO:colcon.colcon_core.shell:Creating prefix util module '/home/ros22/machina/install/_local_setup_util_sh.py'
[1.464s] INFO:colcon.colcon_core.shell:Creating prefix chain script '/home/ros22/machina/install/setup.sh'
[1.465s] INFO:colcon.colcon_core.shell:Creating prefix script '/home/ros22/machina/install/local_setup.bash'
[1.466s] INFO:colcon.colcon_core.shell:Creating prefix chain script '/home/ros22/machina/install/setup.bash'
[1.466s] INFO:colcon.colcon_core.shell:Creating prefix script '/home/ros22/machina/install/local_setup.zsh'
[1.467s] INFO:colcon.colcon_core.shell:Creating prefix chain script '/home/ros22/machina/install/setup.zsh'
