[0.176s] Invoking command in '/home/ros22/machina/build/robotic_sol_interfaces': CMAKE_PREFIX_PATH=/home/ros22/machina/install/robotic_sol:/home/ros22/machina/install/roboticSol:/opt/ros/humble /usr/bin/cmake /home/ros22/machina/src/robotic_sol_interfaces -DAMENT_CMAKE_SYMLINK_INSTALL=1 -DCMAKE_INSTALL_PREFIX=/home/ros22/machina/install/robotic_sol_interfaces
[0.275s] -- The C compiler identification is GNU 11.4.0
[0.476s] -- The CXX compiler identification is GNU 11.4.0
[0.589s] -- Detecting C compiler ABI info
[0.681s] -- Detecting C compiler ABI info - done
[0.686s] -- Check for working C compiler: /usr/bin/cc - skipped
[0.687s] -- Detecting C compile features
[0.688s] -- Detecting C compile features - done
[0.691s] -- Detecting CXX compiler ABI info
[0.766s] -- Detecting CXX compiler ABI info - done
[0.771s] -- Check for working CXX compiler: /usr/bin/c++ - skipped
[0.771s] -- Detecting CXX compile features
[0.771s] -- Detecting CXX compile features - done
[0.777s] -- Found ament_cmake: 1.3.8 (/opt/ros/humble/share/ament_cmake/cmake)
[0.877s] -- Found Python3: /usr/bin/python3 (found version "3.10.12") found components: Interpreter 
[0.928s] -- Override CMake install command with custom implementation using symlinks instead of copying resources
[0.954s] -- Found rosidl_default_generators: 1.2.0 (/opt/ros/humble/share/rosidl_default_generators/cmake)
[0.959s] -- Using all available rosidl_typesupport_c: rosidl_typesupport_fastrtps_c;rosidl_typesupport_introspection_c
[0.965s] -- Found rosidl_adapter: 3.1.5 (/opt/ros/humble/share/rosidl_adapter/cmake)
[1.052s] -- Using all available rosidl_typesupport_cpp: rosidl_typesupport_fastrtps_cpp;rosidl_typesupport_introspection_cpp
[1.165s] [31mCMake Error at /opt/ros/humble/share/rosidl_cmake/cmake/rosidl_generate_interfaces.cmake:162 (message):
[1.165s]   rosidl_generate_interfaces() the passed dependency 'geometry_msgs' has not
[1.165s]   been found before using find_package()
[1.165s] Call Stack (most recent call first):
[1.165s]   CMakeLists.txt:13 (rosidl_generate_interfaces)
[1.166s] 
[1.166s] [0m
[1.166s] -- Configuring incomplete, errors occurred!
[1.166s] See also "/home/ros22/machina/build/robotic_sol_interfaces/CMakeFiles/CMakeOutput.log".
[1.171s] Invoked command in '/home/ros22/machina/build/robotic_sol_interfaces' returned '1': CMAKE_PREFIX_PATH=/home/ros22/machina/install/robotic_sol:/home/ros22/machina/install/roboticSol:/opt/ros/humble /usr/bin/cmake /home/ros22/machina/src/robotic_sol_interfaces -DAMENT_CMAKE_SYMLINK_INSTALL=1 -DCMAKE_INSTALL_PREFIX=/home/ros22/machina/install/robotic_sol_interfaces
